{"C:\\Users\\Usuario-PC\\Desktop\\Respaldos Cliente Leonel Tipan\\Desktop\\Universidad\\8vosemestre\\Pruebas\\Pruebas-Proyecto-1P\\src\\app.js": {"path":"C:\\Users\\Usuario-PC\\Desktop\\Respaldos Cliente Leonel Tipan\\Desktop\\Universidad\\8vosemestre\\Pruebas\\Pruebas-Proyecto-1P\\src\\app.js","statementMap":{"0":{"start":{"line":1,"column":16},"end":{"line":1,"column":34}},"1":{"start":{"line":2,"column":13},"end":{"line":2,"column":33}},"2":{"start":{"line":3,"column":22},"end":{"line":3,"column":58}},"3":{"start":{"line":4,"column":27},"end":{"line":4,"column":66}},"4":{"start":{"line":5,"column":29},"end":{"line":5,"column":70}},"5":{"start":{"line":6,"column":23},"end":{"line":6,"column":58}},"6":{"start":{"line":7,"column":34},"end":{"line":7,"column":57}},"7":{"start":{"line":9,"column":12},"end":{"line":9,"column":21}},"8":{"start":{"line":10,"column":0},"end":{"line":10,"column":28}},"9":{"start":{"line":13,"column":23},"end":{"line":17,"column":1}},"10":{"start":{"line":19,"column":0},"end":{"line":41,"column":3}},"11":{"start":{"line":20,"column":17},"end":{"line":20,"column":35}},"12":{"start":{"line":22,"column":2},"end":{"line":36,"column":3}},"13":{"start":{"line":23,"column":4},"end":{"line":25,"column":5}},"14":{"start":{"line":24,"column":6},"end":{"line":24,"column":56}},"15":{"start":{"line":27,"column":4},"end":{"line":27,"column":33}},"16":{"start":{"line":28,"column":4},"end":{"line":28,"column":82}},"17":{"start":{"line":29,"column":4},"end":{"line":29,"column":63}},"18":{"start":{"line":31,"column":4},"end":{"line":33,"column":5}},"19":{"start":{"line":32,"column":6},"end":{"line":32,"column":33}},"20":{"start":{"line":35,"column":4},"end":{"line":35,"column":18}},"21":{"start":{"line":38,"column":2},"end":{"line":40,"column":5}},"22":{"start":{"line":44,"column":0},"end":{"line":44,"column":24}},"23":{"start":{"line":47,"column":0},"end":{"line":47,"column":59}},"24":{"start":{"line":50,"column":0},"end":{"line":50,"column":41}},"25":{"start":{"line":51,"column":0},"end":{"line":51,"column":49}},"26":{"start":{"line":52,"column":0},"end":{"line":52,"column":53}},"27":{"start":{"line":53,"column":0},"end":{"line":53,"column":41}},"28":{"start":{"line":56,"column":0},"end":{"line":68,"column":3}},"29":{"start":{"line":57,"column":24},"end":{"line":57,"column":32}},"30":{"start":{"line":59,"column":2},"end":{"line":67,"column":5}},"31":{"start":{"line":60,"column":4},"end":{"line":65,"column":5}},"32":{"start":{"line":61,"column":6},"end":{"line":64,"column":9}},"33":{"start":{"line":66,"column":4},"end":{"line":66,"column":21}},"34":{"start":{"line":71,"column":0},"end":{"line":78,"column":3}},"35":{"start":{"line":72,"column":2},"end":{"line":77,"column":3}},"36":{"start":{"line":73,"column":17},"end":{"line":73,"column":30}},"37":{"start":{"line":74,"column":4},"end":{"line":74,"column":44}},"38":{"start":{"line":76,"column":4},"end":{"line":76,"column":67}},"39":{"start":{"line":81,"column":0},"end":{"line":83,"column":3}},"40":{"start":{"line":82,"column":2},"end":{"line":82,"column":55}},"41":{"start":{"line":86,"column":0},"end":{"line":86,"column":21}}},"fnMap":{"0":{"name":"(anonymous_0)","decl":{"start":{"line":19,"column":8},"end":{"line":19,"column":9}},"loc":{"start":{"line":19,"column":28},"end":{"line":41,"column":1}},"line":19},"1":{"name":"(anonymous_1)","decl":{"start":{"line":56,"column":27},"end":{"line":56,"column":28}},"loc":{"start":{"line":56,"column":41},"end":{"line":68,"column":1}},"line":56},"2":{"name":"(anonymous_2)","decl":{"start":{"line":59,"column":22},"end":{"line":59,"column":23}},"loc":{"start":{"line":59,"column":41},"end":{"line":67,"column":3}},"line":59},"3":{"name":"(anonymous_3)","decl":{"start":{"line":71,"column":26},"end":{"line":71,"column":27}},"loc":{"start":{"line":71,"column":40},"end":{"line":78,"column":1}},"line":71},"4":{"name":"(anonymous_4)","decl":{"start":{"line":81,"column":8},"end":{"line":81,"column":9}},"loc":{"start":{"line":81,"column":22},"end":{"line":83,"column":1}},"line":81}},"branchMap":{"0":{"loc":{"start":{"line":22,"column":2},"end":{"line":36,"column":3}},"type":"if","locations":[{"start":{"line":22,"column":2},"end":{"line":36,"column":3}},{"start":{},"end":{}}],"line":22},"1":{"loc":{"start":{"line":22,"column":6},"end":{"line":22,"column":48}},"type":"binary-expr","locations":[{"start":{"line":22,"column":6},"end":{"line":22,"column":13}},{"start":{"line":22,"column":17},"end":{"line":22,"column":48}}],"line":22},"2":{"loc":{"start":{"line":23,"column":4},"end":{"line":25,"column":5}},"type":"if","locations":[{"start":{"line":23,"column":4},"end":{"line":25,"column":5}},{"start":{},"end":{}}],"line":23},"3":{"loc":{"start":{"line":31,"column":4},"end":{"line":33,"column":5}},"type":"if","locations":[{"start":{"line":31,"column":4},"end":{"line":33,"column":5}},{"start":{},"end":{}}],"line":31},"4":{"loc":{"start":{"line":60,"column":4},"end":{"line":65,"column":5}},"type":"if","locations":[{"start":{"line":60,"column":4},"end":{"line":65,"column":5}},{"start":{},"end":{}}],"line":60}},"s":{"0":5,"1":5,"2":5,"3":5,"4":5,"5":5,"6":5,"7":5,"8":5,"9":5,"10":5,"11":69,"12":69,"13":69,"14":3,"15":69,"16":69,"17":69,"18":69,"19":1,"20":68,"21":0,"22":5,"23":5,"24":5,"25":5,"26":5,"27":5,"28":5,"29":0,"30":0,"31":0,"32":0,"33":0,"34":5,"35":1,"36":1,"37":1,"38":0,"39":5,"40":6,"41":5},"f":{"0":69,"1":0,"2":0,"3":1,"4":6},"b":{"0":[69,0],"1":[69,3],"2":[3,66],"3":[1,68],"4":[0,0]},"_coverageSchema":"1a1c01bbd47fc00a2c39e90264f33305004495a9","hash":"0f6a18798f5cdd59477c79dc9d75c24dff2c86af"}
,"C:\\Users\\Usuario-PC\\Desktop\\Respaldos Cliente Leonel Tipan\\Desktop\\Universidad\\8vosemestre\\Pruebas\\Pruebas-Proyecto-1P\\src\\db.js": {"path":"C:\\Users\\Usuario-PC\\Desktop\\Respaldos Cliente Leonel Tipan\\Desktop\\Universidad\\8vosemestre\\Pruebas\\Pruebas-Proyecto-1P\\src\\db.js","statementMap":{"0":{"start":{"line":1,"column":17},"end":{"line":1,"column":30}},"1":{"start":{"line":2,"column":15},"end":{"line":2,"column":32}},"2":{"start":{"line":4,"column":0},"end":{"line":4,"column":16}},"3":{"start":{"line":6,"column":13},"end":{"line":12,"column":2}},"4":{"start":{"line":14,"column":0},"end":{"line":14,"column":22}}},"fnMap":{},"branchMap":{"0":{"loc":{"start":{"line":7,"column":8},"end":{"line":7,"column":42}},"type":"binary-expr","locations":[{"start":{"line":7,"column":8},"end":{"line":7,"column":27}},{"start":{"line":7,"column":31},"end":{"line":7,"column":42}}],"line":7},"1":{"loc":{"start":{"line":8,"column":8},"end":{"line":8,"column":77}},"type":"cond-expr","locations":[{"start":{"line":8,"column":30},"end":{"line":8,"column":70}},{"start":{"line":8,"column":73},"end":{"line":8,"column":77}}],"line":8}},"s":{"0":5,"1":5,"2":5,"3":5,"4":5},"f":{},"b":{"0":[5,0],"1":[5,0]},"_coverageSchema":"1a1c01bbd47fc00a2c39e90264f33305004495a9","hash":"046dbc13000860aedc9cdaa2955e0dc203212f90"}
,"C:\\Users\\Usuario-PC\\Desktop\\Respaldos Cliente Leonel Tipan\\Desktop\\Universidad\\8vosemestre\\Pruebas\\Pruebas-Proyecto-1P\\src\\server-app.js": {"path":"C:\\Users\\Usuario-PC\\Desktop\\Respaldos Cliente Leonel Tipan\\Desktop\\Universidad\\8vosemestre\\Pruebas\\Pruebas-Proyecto-1P\\src\\server-app.js","statementMap":{"0":{"start":{"line":1,"column":16},"end":{"line":1,"column":34}},"1":{"start":{"line":2,"column":13},"end":{"line":2,"column":33}},"2":{"start":{"line":3,"column":22},"end":{"line":3,"column":58}},"3":{"start":{"line":4,"column":27},"end":{"line":4,"column":66}},"4":{"start":{"line":5,"column":29},"end":{"line":5,"column":70}},"5":{"start":{"line":6,"column":23},"end":{"line":6,"column":58}},"6":{"start":{"line":7,"column":34},"end":{"line":7,"column":57}},"7":{"start":{"line":9,"column":12},"end":{"line":9,"column":21}},"8":{"start":{"line":10,"column":0},"end":{"line":10,"column":28}},"9":{"start":{"line":13,"column":0},"end":{"line":20,"column":3}},"10":{"start":{"line":14,"column":2},"end":{"line":14,"column":71}},"11":{"start":{"line":15,"column":2},"end":{"line":15,"column":57}},"12":{"start":{"line":16,"column":2},"end":{"line":16,"column":87}},"13":{"start":{"line":17,"column":2},"end":{"line":17,"column":50}},"14":{"start":{"line":18,"column":2},"end":{"line":18,"column":59}},"15":{"start":{"line":18,"column":32},"end":{"line":18,"column":59}},"16":{"start":{"line":19,"column":2},"end":{"line":19,"column":9}},"17":{"start":{"line":23,"column":0},"end":{"line":23,"column":42}},"18":{"start":{"line":26,"column":0},"end":{"line":28,"column":3}},"19":{"start":{"line":27,"column":2},"end":{"line":27,"column":76}},"20":{"start":{"line":31,"column":0},"end":{"line":42,"column":3}},"21":{"start":{"line":32,"column":18},"end":{"line":32,"column":22}},"22":{"start":{"line":34,"column":2},"end":{"line":36,"column":5}},"23":{"start":{"line":35,"column":4},"end":{"line":35,"column":33}},"24":{"start":{"line":38,"column":2},"end":{"line":41,"column":5}},"25":{"start":{"line":44,"column":0},"end":{"line":44,"column":56}},"26":{"start":{"line":46,"column":0},"end":{"line":46,"column":41}},"27":{"start":{"line":47,"column":0},"end":{"line":47,"column":49}},"28":{"start":{"line":48,"column":0},"end":{"line":48,"column":53}},"29":{"start":{"line":49,"column":0},"end":{"line":49,"column":41}},"30":{"start":{"line":51,"column":0},"end":{"line":65,"column":3}},"31":{"start":{"line":52,"column":24},"end":{"line":52,"column":32}},"32":{"start":{"line":53,"column":2},"end":{"line":64,"column":5}},"33":{"start":{"line":54,"column":4},"end":{"line":62,"column":5}},"34":{"start":{"line":55,"column":6},"end":{"line":61,"column":9}},"35":{"start":{"line":63,"column":4},"end":{"line":63,"column":21}},"36":{"start":{"line":67,"column":0},"end":{"line":74,"column":3}},"37":{"start":{"line":68,"column":2},"end":{"line":73,"column":3}},"38":{"start":{"line":69,"column":17},"end":{"line":69,"column":30}},"39":{"start":{"line":70,"column":4},"end":{"line":70,"column":44}},"40":{"start":{"line":72,"column":4},"end":{"line":72,"column":87}},"41":{"start":{"line":76,"column":0},"end":{"line":78,"column":3}},"42":{"start":{"line":77,"column":2},"end":{"line":77,"column":91}},"43":{"start":{"line":80,"column":0},"end":{"line":80,"column":21}}},"fnMap":{"0":{"name":"(anonymous_0)","decl":{"start":{"line":13,"column":8},"end":{"line":13,"column":9}},"loc":{"start":{"line":13,"column":28},"end":{"line":20,"column":1}},"line":13},"1":{"name":"(anonymous_1)","decl":{"start":{"line":26,"column":26},"end":{"line":26,"column":27}},"loc":{"start":{"line":26,"column":40},"end":{"line":28,"column":1}},"line":26},"2":{"name":"(anonymous_2)","decl":{"start":{"line":31,"column":27},"end":{"line":31,"column":28}},"loc":{"start":{"line":31,"column":47},"end":{"line":42,"column":1}},"line":31},"3":{"name":"(anonymous_3)","decl":{"start":{"line":34,"column":20},"end":{"line":34,"column":21}},"loc":{"start":{"line":34,"column":33},"end":{"line":36,"column":3}},"line":34},"4":{"name":"(anonymous_4)","decl":{"start":{"line":51,"column":27},"end":{"line":51,"column":28}},"loc":{"start":{"line":51,"column":41},"end":{"line":65,"column":1}},"line":51},"5":{"name":"(anonymous_5)","decl":{"start":{"line":53,"column":22},"end":{"line":53,"column":23}},"loc":{"start":{"line":53,"column":41},"end":{"line":64,"column":3}},"line":53},"6":{"name":"(anonymous_6)","decl":{"start":{"line":67,"column":26},"end":{"line":67,"column":27}},"loc":{"start":{"line":67,"column":40},"end":{"line":74,"column":1}},"line":67},"7":{"name":"(anonymous_7)","decl":{"start":{"line":76,"column":8},"end":{"line":76,"column":9}},"loc":{"start":{"line":76,"column":22},"end":{"line":78,"column":1}},"line":76}},"branchMap":{"0":{"loc":{"start":{"line":14,"column":44},"end":{"line":14,"column":69}},"type":"binary-expr","locations":[{"start":{"line":14,"column":44},"end":{"line":14,"column":62}},{"start":{"line":14,"column":66},"end":{"line":14,"column":69}}],"line":14},"1":{"loc":{"start":{"line":18,"column":2},"end":{"line":18,"column":59}},"type":"if","locations":[{"start":{"line":18,"column":2},"end":{"line":18,"column":59}},{"start":{},"end":{}}],"line":18},"2":{"loc":{"start":{"line":54,"column":4},"end":{"line":62,"column":5}},"type":"if","locations":[{"start":{"line":54,"column":4},"end":{"line":62,"column":5}},{"start":{},"end":{}}],"line":54}},"s":{"0":0,"1":0,"2":0,"3":0,"4":0,"5":0,"6":0,"7":0,"8":0,"9":0,"10":0,"11":0,"12":0,"13":0,"14":0,"15":0,"16":0,"17":0,"18":0,"19":0,"20":0,"21":0,"22":0,"23":0,"24":0,"25":0,"26":0,"27":0,"28":0,"29":0,"30":0,"31":0,"32":0,"33":0,"34":0,"35":0,"36":0,"37":0,"38":0,"39":0,"40":0,"41":0,"42":0,"43":0},"f":{"0":0,"1":0,"2":0,"3":0,"4":0,"5":0,"6":0,"7":0},"b":{"0":[0,0],"1":[0,0],"2":[0,0]}}
,"C:\\Users\\Usuario-PC\\Desktop\\Respaldos Cliente Leonel Tipan\\Desktop\\Universidad\\8vosemestre\\Pruebas\\Pruebas-Proyecto-1P\\src\\controllers\\doctores.controller.js": {"path":"C:\\Users\\Usuario-PC\\Desktop\\Respaldos Cliente Leonel Tipan\\Desktop\\Universidad\\8vosemestre\\Pruebas\\Pruebas-Proyecto-1P\\src\\controllers\\doctores.controller.js","statementMap":{"0":{"start":{"line":13,"column":11},"end":{"line":13,"column":27}},"1":{"start":{"line":16,"column":2},"end":{"line":16,"column":59}},"2":{"start":{"line":16,"column":19},"end":{"line":16,"column":59}},"3":{"start":{"line":18,"column":2},"end":{"line":18,"column":30}},"4":{"start":{"line":18,"column":18},"end":{"line":18,"column":30}},"5":{"start":{"line":20,"column":19},"end":{"line":23,"column":3}},"6":{"start":{"line":25,"column":2},"end":{"line":25,"column":56}},"7":{"start":{"line":25,"column":29},"end":{"line":25,"column":56}},"8":{"start":{"line":27,"column":2},"end":{"line":43,"column":3}},"9":{"start":{"line":28,"column":20},"end":{"line":31,"column":5}},"10":{"start":{"line":33,"column":4},"end":{"line":33,"column":30}},"11":{"start":{"line":35,"column":4},"end":{"line":41,"column":5}},"12":{"start":{"line":36,"column":20},"end":{"line":39,"column":7}},"13":{"start":{"line":40,"column":6},"end":{"line":40,"column":54}},"14":{"start":{"line":40,"column":30},"end":{"line":40,"column":54}},"15":{"start":{"line":42,"column":4},"end":{"line":42,"column":16}},"16":{"start":{"line":48,"column":2},"end":{"line":55,"column":3}},"17":{"start":{"line":49,"column":19},"end":{"line":51,"column":5}},"18":{"start":{"line":52,"column":4},"end":{"line":52,"column":26}},"19":{"start":{"line":54,"column":4},"end":{"line":54,"column":78}},"20":{"start":{"line":60,"column":82},"end":{"line":60,"column":90}},"21":{"start":{"line":63,"column":2},"end":{"line":67,"column":3}},"22":{"start":{"line":64,"column":4},"end":{"line":66,"column":7}},"23":{"start":{"line":69,"column":2},"end":{"line":99,"column":3}},"24":{"start":{"line":70,"column":32},"end":{"line":70,"column":84}},"25":{"start":{"line":71,"column":4},"end":{"line":73,"column":5}},"26":{"start":{"line":72,"column":6},"end":{"line":72,"column":72}},"27":{"start":{"line":75,"column":22},"end":{"line":78,"column":5}},"28":{"start":{"line":80,"column":4},"end":{"line":84,"column":5}},"29":{"start":{"line":81,"column":6},"end":{"line":83,"column":9}},"30":{"start":{"line":86,"column":19},"end":{"line":89,"column":5}},"31":{"start":{"line":91,"column":26},"end":{"line":94,"column":5}},"32":{"start":{"line":96,"column":4},"end":{"line":96,"column":48}},"33":{"start":{"line":98,"column":4},"end":{"line":98,"column":78}},"34":{"start":{"line":104,"column":17},"end":{"line":104,"column":27}},"35":{"start":{"line":105,"column":82},"end":{"line":105,"column":90}},"36":{"start":{"line":107,"column":2},"end":{"line":162,"column":3}},"37":{"start":{"line":108,"column":21},"end":{"line":111,"column":5}},"38":{"start":{"line":113,"column":4},"end":{"line":115,"column":5}},"39":{"start":{"line":114,"column":6},"end":{"line":114,"column":67}},"40":{"start":{"line":117,"column":20},"end":{"line":117,"column":36}},"41":{"start":{"line":118,"column":24},"end":{"line":118,"column":63}},"42":{"start":{"line":119,"column":31},"end":{"line":119,"column":64}},"43":{"start":{"line":120,"column":32},"end":{"line":122,"column":28}},"44":{"start":{"line":124,"column":4},"end":{"line":126,"column":5}},"45":{"start":{"line":125,"column":6},"end":{"line":125,"column":72}},"46":{"start":{"line":128,"column":4},"end":{"line":139,"column":5}},"47":{"start":{"line":129,"column":24},"end":{"line":132,"column":7}},"48":{"start":{"line":134,"column":6},"end":{"line":138,"column":7}},"49":{"start":{"line":135,"column":8},"end":{"line":137,"column":11}},"50":{"start":{"line":141,"column":19},"end":{"line":152,"column":5}},"51":{"start":{"line":154,"column":26},"end":{"line":157,"column":5}},"52":{"start":{"line":159,"column":4},"end":{"line":159,"column":36}},"53":{"start":{"line":161,"column":4},"end":{"line":161,"column":78}},"54":{"start":{"line":167,"column":17},"end":{"line":167,"column":27}},"55":{"start":{"line":169,"column":2},"end":{"line":191,"column":3}},"56":{"start":{"line":170,"column":21},"end":{"line":173,"column":5}},"57":{"start":{"line":175,"column":4},"end":{"line":177,"column":5}},"58":{"start":{"line":176,"column":6},"end":{"line":176,"column":67}},"59":{"start":{"line":179,"column":19},"end":{"line":182,"column":5}},"60":{"start":{"line":184,"column":4},"end":{"line":186,"column":5}},"61":{"start":{"line":185,"column":6},"end":{"line":185,"column":67}},"62":{"start":{"line":188,"column":4},"end":{"line":188,"column":31}},"63":{"start":{"line":190,"column":4},"end":{"line":190,"column":78}},"64":{"start":{"line":194,"column":0},"end":{"line":194,"column":77}}},"fnMap":{"0":{"name":"resolveSpecialtyId","decl":{"start":{"line":15,"column":15},"end":{"line":15,"column":33}},"loc":{"start":{"line":15,"column":62},"end":{"line":44,"column":1}},"line":15},"1":{"name":"getAllDoctors","decl":{"start":{"line":47,"column":15},"end":{"line":47,"column":28}},"loc":{"start":{"line":47,"column":39},"end":{"line":56,"column":1}},"line":47},"2":{"name":"addNewDoctor","decl":{"start":{"line":59,"column":15},"end":{"line":59,"column":27}},"loc":{"start":{"line":59,"column":38},"end":{"line":100,"column":1}},"line":59},"3":{"name":"updateDoctor","decl":{"start":{"line":103,"column":15},"end":{"line":103,"column":27}},"loc":{"start":{"line":103,"column":38},"end":{"line":163,"column":1}},"line":103},"4":{"name":"deleteDoctor","decl":{"start":{"line":166,"column":15},"end":{"line":166,"column":27}},"loc":{"start":{"line":166,"column":38},"end":{"line":192,"column":1}},"line":166}},"branchMap":{"0":{"loc":{"start":{"line":16,"column":2},"end":{"line":16,"column":59}},"type":"if","locations":[{"start":{"line":16,"column":2},"end":{"line":16,"column":59}},{"start":{},"end":{}}],"line":16},"1":{"loc":{"start":{"line":18,"column":2},"end":{"line":18,"column":30}},"type":"if","locations":[{"start":{"line":18,"column":2},"end":{"line":18,"column":30}},{"start":{},"end":{}}],"line":18},"2":{"loc":{"start":{"line":25,"column":2},"end":{"line":25,"column":56}},"type":"if","locations":[{"start":{"line":25,"column":2},"end":{"line":25,"column":56}},{"start":{},"end":{}}],"line":25},"3":{"loc":{"start":{"line":35,"column":4},"end":{"line":41,"column":5}},"type":"if","locations":[{"start":{"line":35,"column":4},"end":{"line":41,"column":5}},{"start":{},"end":{}}],"line":35},"4":{"loc":{"start":{"line":40,"column":6},"end":{"line":40,"column":54}},"type":"if","locations":[{"start":{"line":40,"column":6},"end":{"line":40,"column":54}},{"start":{},"end":{}}],"line":40},"5":{"loc":{"start":{"line":63,"column":2},"end":{"line":67,"column":3}},"type":"if","locations":[{"start":{"line":63,"column":2},"end":{"line":67,"column":3}},{"start":{},"end":{}}],"line":63},"6":{"loc":{"start":{"line":63,"column":6},"end":{"line":63,"column":94}},"type":"binary-expr","locations":[{"start":{"line":63,"column":6},"end":{"line":63,"column":11}},{"start":{"line":63,"column":15},"end":{"line":63,"column":24}},{"start":{"line":63,"column":29},"end":{"line":63,"column":41}},{"start":{"line":63,"column":45},"end":{"line":63,"column":55}},{"start":{"line":63,"column":60},"end":{"line":63,"column":66}},{"start":{"line":63,"column":70},"end":{"line":63,"column":76}},{"start":{"line":63,"column":80},"end":{"line":63,"column":94}}],"line":63},"7":{"loc":{"start":{"line":71,"column":4},"end":{"line":73,"column":5}},"type":"if","locations":[{"start":{"line":71,"column":4},"end":{"line":73,"column":5}},{"start":{},"end":{}}],"line":71},"8":{"loc":{"start":{"line":80,"column":4},"end":{"line":84,"column":5}},"type":"if","locations":[{"start":{"line":80,"column":4},"end":{"line":84,"column":5}},{"start":{},"end":{}}],"line":80},"9":{"loc":{"start":{"line":113,"column":4},"end":{"line":115,"column":5}},"type":"if","locations":[{"start":{"line":113,"column":4},"end":{"line":115,"column":5}},{"start":{},"end":{}}],"line":113},"10":{"loc":{"start":{"line":118,"column":24},"end":{"line":118,"column":63}},"type":"binary-expr","locations":[{"start":{"line":118,"column":24},"end":{"line":118,"column":37}},{"start":{"line":118,"column":41},"end":{"line":118,"column":63}}],"line":118},"11":{"loc":{"start":{"line":119,"column":39},"end":{"line":119,"column":63}},"type":"binary-expr","locations":[{"start":{"line":119,"column":39},"end":{"line":119,"column":50}},{"start":{"line":119,"column":54},"end":{"line":119,"column":63}}],"line":119},"12":{"loc":{"start":{"line":120,"column":32},"end":{"line":122,"column":28}},"type":"cond-expr","locations":[{"start":{"line":121,"column":8},"end":{"line":121,"column":60}},{"start":{"line":122,"column":8},"end":{"line":122,"column":28}}],"line":120},"13":{"loc":{"start":{"line":124,"column":4},"end":{"line":126,"column":5}},"type":"if","locations":[{"start":{"line":124,"column":4},"end":{"line":126,"column":5}},{"start":{},"end":{}}],"line":124},"14":{"loc":{"start":{"line":124,"column":8},"end":{"line":124,"column":50}},"type":"binary-expr","locations":[{"start":{"line":124,"column":8},"end":{"line":124,"column":26}},{"start":{"line":124,"column":30},"end":{"line":124,"column":50}}],"line":124},"15":{"loc":{"start":{"line":128,"column":4},"end":{"line":139,"column":5}},"type":"if","locations":[{"start":{"line":128,"column":4},"end":{"line":139,"column":5}},{"start":{},"end":{}}],"line":128},"16":{"loc":{"start":{"line":128,"column":8},"end":{"line":128,"column":65}},"type":"binary-expr","locations":[{"start":{"line":128,"column":8},"end":{"line":128,"column":21}},{"start":{"line":128,"column":25},"end":{"line":128,"column":65}}],"line":128},"17":{"loc":{"start":{"line":134,"column":6},"end":{"line":138,"column":7}},"type":"if","locations":[{"start":{"line":134,"column":6},"end":{"line":138,"column":7}},{"start":{},"end":{}}],"line":134},"18":{"loc":{"start":{"line":144,"column":8},"end":{"line":144,"column":28}},"type":"binary-expr","locations":[{"start":{"line":144,"column":8},"end":{"line":144,"column":12}},{"start":{"line":144,"column":16},"end":{"line":144,"column":28}}],"line":144},"19":{"loc":{"start":{"line":145,"column":8},"end":{"line":145,"column":37}},"type":"binary-expr","locations":[{"start":{"line":145,"column":8},"end":{"line":145,"column":16}},{"start":{"line":145,"column":20},"end":{"line":145,"column":37}}],"line":145},"20":{"loc":{"start":{"line":147,"column":8},"end":{"line":147,"column":30}},"type":"binary-expr","locations":[{"start":{"line":147,"column":8},"end":{"line":147,"column":13}},{"start":{"line":147,"column":17},"end":{"line":147,"column":30}}],"line":147},"21":{"loc":{"start":{"line":148,"column":8},"end":{"line":148,"column":30}},"type":"binary-expr","locations":[{"start":{"line":148,"column":8},"end":{"line":148,"column":13}},{"start":{"line":148,"column":17},"end":{"line":148,"column":30}}],"line":148},"22":{"loc":{"start":{"line":175,"column":4},"end":{"line":177,"column":5}},"type":"if","locations":[{"start":{"line":175,"column":4},"end":{"line":177,"column":5}},{"start":{},"end":{}}],"line":175},"23":{"loc":{"start":{"line":184,"column":4},"end":{"line":186,"column":5}},"type":"if","locations":[{"start":{"line":184,"column":4},"end":{"line":186,"column":5}},{"start":{},"end":{}}],"line":184}},"s":{"0":5,"1":6,"2":5,"3":1,"4":0,"5":1,"6":1,"7":0,"8":1,"9":1,"10":1,"11":0,"12":0,"13":0,"14":0,"15":0,"16":3,"17":3,"18":3,"19":0,"20":7,"21":7,"22":1,"23":6,"24":6,"25":6,"26":0,"27":6,"28":6,"29":1,"30":5,"31":5,"32":5,"33":0,"34":4,"35":4,"36":4,"37":4,"38":4,"39":1,"40":3,"41":3,"42":3,"43":3,"44":3,"45":0,"46":3,"47":1,"48":1,"49":1,"50":2,"51":2,"52":2,"53":0,"54":2,"55":2,"56":2,"57":2,"58":1,"59":1,"60":1,"61":0,"62":1,"63":0,"64":5},"f":{"0":6,"1":3,"2":7,"3":4,"4":2},"b":{"0":[5,1],"1":[0,1],"2":[0,1],"3":[0,0],"4":[0,0],"5":[1,6],"6":[7,7,7,2,6,6,6],"7":[0,6],"8":[1,5],"9":[1,3],"10":[3,1],"11":[3,3],"12":[0,3],"13":[0,3],"14":[3,0],"15":[1,2],"16":[3,2],"17":[1,0],"18":[2,1],"19":[2,2],"20":[2,1],"21":[2,2],"22":[1,1],"23":[0,1]},"_coverageSchema":"1a1c01bbd47fc00a2c39e90264f33305004495a9","hash":"3b6b6f34c05c59516a216fe151d1b3da6993abc2"}
,"C:\\Users\\Usuario-PC\\Desktop\\Respaldos Cliente Leonel Tipan\\Desktop\\Universidad\\8vosemestre\\Pruebas\\Pruebas-Proyecto-1P\\src\\controllers\\especialidades.controller.js": {"path":"C:\\Users\\Usuario-PC\\Desktop\\Respaldos Cliente Leonel Tipan\\Desktop\\Universidad\\8vosemestre\\Pruebas\\Pruebas-Proyecto-1P\\src\\controllers\\especialidades.controller.js","statementMap":{"0":{"start":{"line":3,"column":11},"end":{"line":3,"column":27}},"1":{"start":{"line":7,"column":2},"end":{"line":14,"column":3}},"2":{"start":{"line":8,"column":19},"end":{"line":10,"column":5}},"3":{"start":{"line":11,"column":4},"end":{"line":11,"column":26}},"4":{"start":{"line":13,"column":4},"end":{"line":13,"column":78}},"5":{"start":{"line":19,"column":19},"end":{"line":19,"column":27}},"6":{"start":{"line":22,"column":2},"end":{"line":24,"column":3}},"7":{"start":{"line":23,"column":4},"end":{"line":23,"column":75}},"8":{"start":{"line":26,"column":2},"end":{"line":44,"column":3}},"9":{"start":{"line":27,"column":22},"end":{"line":30,"column":5}},"10":{"start":{"line":32,"column":4},"end":{"line":34,"column":5}},"11":{"start":{"line":33,"column":6},"end":{"line":33,"column":75}},"12":{"start":{"line":36,"column":19},"end":{"line":39,"column":5}},"13":{"start":{"line":41,"column":4},"end":{"line":41,"column":41}},"14":{"start":{"line":43,"column":4},"end":{"line":43,"column":78}},"15":{"start":{"line":49,"column":17},"end":{"line":49,"column":27}},"16":{"start":{"line":50,"column":19},"end":{"line":50,"column":27}},"17":{"start":{"line":52,"column":2},"end":{"line":54,"column":3}},"18":{"start":{"line":53,"column":4},"end":{"line":53,"column":85}},"19":{"start":{"line":56,"column":2},"end":{"line":83,"column":3}},"20":{"start":{"line":57,"column":21},"end":{"line":60,"column":5}},"21":{"start":{"line":62,"column":4},"end":{"line":64,"column":5}},"22":{"start":{"line":63,"column":6},"end":{"line":63,"column":70}},"23":{"start":{"line":66,"column":22},"end":{"line":69,"column":5}},"24":{"start":{"line":71,"column":4},"end":{"line":73,"column":5}},"25":{"start":{"line":72,"column":6},"end":{"line":72,"column":75}},"26":{"start":{"line":75,"column":19},"end":{"line":78,"column":5}},"27":{"start":{"line":80,"column":4},"end":{"line":80,"column":29}},"28":{"start":{"line":82,"column":4},"end":{"line":82,"column":78}},"29":{"start":{"line":88,"column":17},"end":{"line":88,"column":27}},"30":{"start":{"line":90,"column":2},"end":{"line":103,"column":3}},"31":{"start":{"line":91,"column":19},"end":{"line":94,"column":5}},"32":{"start":{"line":96,"column":4},"end":{"line":98,"column":5}},"33":{"start":{"line":97,"column":6},"end":{"line":97,"column":70}},"34":{"start":{"line":100,"column":4},"end":{"line":100,"column":29}},"35":{"start":{"line":102,"column":4},"end":{"line":102,"column":78}},"36":{"start":{"line":106,"column":0},"end":{"line":106,"column":90}}},"fnMap":{"0":{"name":"getAllSpecialties","decl":{"start":{"line":6,"column":15},"end":{"line":6,"column":32}},"loc":{"start":{"line":6,"column":43},"end":{"line":15,"column":1}},"line":6},"1":{"name":"addnewSpecialty","decl":{"start":{"line":18,"column":15},"end":{"line":18,"column":30}},"loc":{"start":{"line":18,"column":41},"end":{"line":45,"column":1}},"line":18},"2":{"name":"updateSpecialty","decl":{"start":{"line":48,"column":15},"end":{"line":48,"column":30}},"loc":{"start":{"line":48,"column":41},"end":{"line":84,"column":1}},"line":48},"3":{"name":"deleteSpecialty","decl":{"start":{"line":87,"column":15},"end":{"line":87,"column":30}},"loc":{"start":{"line":87,"column":41},"end":{"line":104,"column":1}},"line":87}},"branchMap":{"0":{"loc":{"start":{"line":22,"column":2},"end":{"line":24,"column":3}},"type":"if","locations":[{"start":{"line":22,"column":2},"end":{"line":24,"column":3}},{"start":{},"end":{}}],"line":22},"1":{"loc":{"start":{"line":32,"column":4},"end":{"line":34,"column":5}},"type":"if","locations":[{"start":{"line":32,"column":4},"end":{"line":34,"column":5}},{"start":{},"end":{}}],"line":32},"2":{"loc":{"start":{"line":52,"column":2},"end":{"line":54,"column":3}},"type":"if","locations":[{"start":{"line":52,"column":2},"end":{"line":54,"column":3}},{"start":{},"end":{}}],"line":52},"3":{"loc":{"start":{"line":62,"column":4},"end":{"line":64,"column":5}},"type":"if","locations":[{"start":{"line":62,"column":4},"end":{"line":64,"column":5}},{"start":{},"end":{}}],"line":62},"4":{"loc":{"start":{"line":71,"column":4},"end":{"line":73,"column":5}},"type":"if","locations":[{"start":{"line":71,"column":4},"end":{"line":73,"column":5}},{"start":{},"end":{}}],"line":71},"5":{"loc":{"start":{"line":96,"column":4},"end":{"line":98,"column":5}},"type":"if","locations":[{"start":{"line":96,"column":4},"end":{"line":98,"column":5}},{"start":{},"end":{}}],"line":96}},"s":{"0":5,"1":3,"2":3,"3":3,"4":0,"5":8,"6":8,"7":1,"8":7,"9":7,"10":7,"11":1,"12":6,"13":6,"14":0,"15":2,"16":2,"17":2,"18":0,"19":2,"20":2,"21":2,"22":1,"23":1,"24":1,"25":0,"26":1,"27":1,"28":0,"29":2,"30":2,"31":2,"32":2,"33":1,"34":1,"35":0,"36":5},"f":{"0":3,"1":8,"2":2,"3":2},"b":{"0":[1,7],"1":[1,6],"2":[0,2],"3":[1,1],"4":[0,1],"5":[1,1]},"_coverageSchema":"1a1c01bbd47fc00a2c39e90264f33305004495a9","hash":"d1a9299fdfaa9964f9faae9646ebeadf4f8fe939"}
,"C:\\Users\\Usuario-PC\\Desktop\\Respaldos Cliente Leonel Tipan\\Desktop\\Universidad\\8vosemestre\\Pruebas\\Pruebas-Proyecto-1P\\src\\controllers\\medicamentos.controller.js": {"path":"C:\\Users\\Usuario-PC\\Desktop\\Respaldos Cliente Leonel Tipan\\Desktop\\Universidad\\8vosemestre\\Pruebas\\Pruebas-Proyecto-1P\\src\\controllers\\medicamentos.controller.js","statementMap":{"0":{"start":{"line":1,"column":11},"end":{"line":1,"column":27}},"1":{"start":{"line":5,"column":2},"end":{"line":19,"column":3}},"2":{"start":{"line":6,"column":19},"end":{"line":6,"column":41}},"3":{"start":{"line":8,"column":19},"end":{"line":11,"column":5}},"4":{"start":{"line":13,"column":4},"end":{"line":13,"column":26}},"5":{"start":{"line":15,"column":4},"end":{"line":18,"column":7}},"6":{"start":{"line":24,"column":32},"end":{"line":24,"column":40}},"7":{"start":{"line":26,"column":2},"end":{"line":28,"column":3}},"8":{"start":{"line":27,"column":4},"end":{"line":27,"column":65}},"9":{"start":{"line":30,"column":2},"end":{"line":42,"column":3}},"10":{"start":{"line":31,"column":19},"end":{"line":34,"column":5}},"11":{"start":{"line":36,"column":4},"end":{"line":36,"column":41}},"12":{"start":{"line":38,"column":4},"end":{"line":41,"column":7}},"13":{"start":{"line":47,"column":17},"end":{"line":47,"column":27}},"14":{"start":{"line":48,"column":32},"end":{"line":48,"column":40}},"15":{"start":{"line":50,"column":2},"end":{"line":71,"column":3}},"16":{"start":{"line":51,"column":19},"end":{"line":59,"column":5}},"17":{"start":{"line":61,"column":4},"end":{"line":63,"column":5}},"18":{"start":{"line":62,"column":6},"end":{"line":62,"column":72}},"19":{"start":{"line":65,"column":4},"end":{"line":65,"column":29}},"20":{"start":{"line":67,"column":4},"end":{"line":70,"column":7}},"21":{"start":{"line":76,"column":17},"end":{"line":76,"column":27}},"22":{"start":{"line":78,"column":2},"end":{"line":94,"column":3}},"23":{"start":{"line":79,"column":19},"end":{"line":82,"column":5}},"24":{"start":{"line":84,"column":4},"end":{"line":86,"column":5}},"25":{"start":{"line":85,"column":6},"end":{"line":85,"column":72}},"26":{"start":{"line":88,"column":4},"end":{"line":88,"column":29}},"27":{"start":{"line":90,"column":4},"end":{"line":93,"column":7}},"28":{"start":{"line":97,"column":0},"end":{"line":102,"column":2}}},"fnMap":{"0":{"name":"getAllMedicamentos","decl":{"start":{"line":4,"column":15},"end":{"line":4,"column":33}},"loc":{"start":{"line":4,"column":44},"end":{"line":20,"column":1}},"line":4},"1":{"name":"addNewMedicamento","decl":{"start":{"line":23,"column":15},"end":{"line":23,"column":32}},"loc":{"start":{"line":23,"column":43},"end":{"line":43,"column":1}},"line":23},"2":{"name":"updateMedicamento","decl":{"start":{"line":46,"column":15},"end":{"line":46,"column":32}},"loc":{"start":{"line":46,"column":43},"end":{"line":72,"column":1}},"line":46},"3":{"name":"deleteMedicamento","decl":{"start":{"line":75,"column":15},"end":{"line":75,"column":32}},"loc":{"start":{"line":75,"column":43},"end":{"line":95,"column":1}},"line":75}},"branchMap":{"0":{"loc":{"start":{"line":6,"column":19},"end":{"line":6,"column":41}},"type":"binary-expr","locations":[{"start":{"line":6,"column":19},"end":{"line":6,"column":35}},{"start":{"line":6,"column":39},"end":{"line":6,"column":41}}],"line":6},"1":{"loc":{"start":{"line":26,"column":2},"end":{"line":28,"column":3}},"type":"if","locations":[{"start":{"line":26,"column":2},"end":{"line":28,"column":3}},{"start":{},"end":{}}],"line":26},"2":{"loc":{"start":{"line":33,"column":13},"end":{"line":33,"column":32}},"type":"binary-expr","locations":[{"start":{"line":33,"column":13},"end":{"line":33,"column":24}},{"start":{"line":33,"column":28},"end":{"line":33,"column":32}}],"line":33},"3":{"loc":{"start":{"line":61,"column":4},"end":{"line":63,"column":5}},"type":"if","locations":[{"start":{"line":61,"column":4},"end":{"line":63,"column":5}},{"start":{},"end":{}}],"line":61},"4":{"loc":{"start":{"line":84,"column":4},"end":{"line":86,"column":5}},"type":"if","locations":[{"start":{"line":84,"column":4},"end":{"line":86,"column":5}},{"start":{},"end":{}}],"line":84}},"s":{"0":5,"1":4,"2":4,"3":4,"4":4,"5":0,"6":6,"7":6,"8":1,"9":5,"10":5,"11":5,"12":0,"13":3,"14":3,"15":3,"16":3,"17":3,"18":1,"19":2,"20":0,"21":2,"22":2,"23":2,"24":2,"25":1,"26":1,"27":0,"28":5},"f":{"0":4,"1":6,"2":3,"3":2},"b":{"0":[4,4],"1":[1,5],"2":[5,0],"3":[1,2],"4":[1,1]},"_coverageSchema":"1a1c01bbd47fc00a2c39e90264f33305004495a9","hash":"cb64b01eb9b1a4a2db900407b6b4c917037acaff"}
,"C:\\Users\\Usuario-PC\\Desktop\\Respaldos Cliente Leonel Tipan\\Desktop\\Universidad\\8vosemestre\\Pruebas\\Pruebas-Proyecto-1P\\src\\controllers\\pacientes.controller.js": {"path":"C:\\Users\\Usuario-PC\\Desktop\\Respaldos Cliente Leonel Tipan\\Desktop\\Universidad\\8vosemestre\\Pruebas\\Pruebas-Proyecto-1P\\src\\controllers\\pacientes.controller.js","statementMap":{"0":{"start":{"line":2,"column":11},"end":{"line":2,"column":27}},"1":{"start":{"line":6,"column":2},"end":{"line":13,"column":3}},"2":{"start":{"line":7,"column":19},"end":{"line":9,"column":5}},"3":{"start":{"line":10,"column":4},"end":{"line":10,"column":26}},"4":{"start":{"line":12,"column":4},"end":{"line":12,"column":78}},"5":{"start":{"line":18,"column":53},"end":{"line":18,"column":61}},"6":{"start":{"line":21,"column":2},"end":{"line":23,"column":3}},"7":{"start":{"line":22,"column":4},"end":{"line":22,"column":104}},"8":{"start":{"line":25,"column":2},"end":{"line":34,"column":3}},"9":{"start":{"line":26,"column":19},"end":{"line":29,"column":5}},"10":{"start":{"line":31,"column":4},"end":{"line":31,"column":41}},"11":{"start":{"line":33,"column":4},"end":{"line":33,"column":78}},"12":{"start":{"line":39,"column":17},"end":{"line":39,"column":27}},"13":{"start":{"line":40,"column":53},"end":{"line":40,"column":61}},"14":{"start":{"line":42,"column":2},"end":{"line":68,"column":3}},"15":{"start":{"line":43,"column":21},"end":{"line":46,"column":5}},"16":{"start":{"line":48,"column":4},"end":{"line":50,"column":5}},"17":{"start":{"line":49,"column":6},"end":{"line":49,"column":68}},"18":{"start":{"line":52,"column":20},"end":{"line":52,"column":36}},"19":{"start":{"line":53,"column":19},"end":{"line":63,"column":5}},"20":{"start":{"line":65,"column":4},"end":{"line":65,"column":29}},"21":{"start":{"line":67,"column":4},"end":{"line":67,"column":78}},"22":{"start":{"line":73,"column":17},"end":{"line":73,"column":27}},"23":{"start":{"line":75,"column":2},"end":{"line":88,"column":3}},"24":{"start":{"line":76,"column":19},"end":{"line":79,"column":5}},"25":{"start":{"line":81,"column":4},"end":{"line":83,"column":5}},"26":{"start":{"line":82,"column":6},"end":{"line":82,"column":68}},"27":{"start":{"line":85,"column":4},"end":{"line":85,"column":29}},"28":{"start":{"line":87,"column":4},"end":{"line":87,"column":78}},"29":{"start":{"line":91,"column":0},"end":{"line":91,"column":81}}},"fnMap":{"0":{"name":"getAllPatients","decl":{"start":{"line":5,"column":15},"end":{"line":5,"column":29}},"loc":{"start":{"line":5,"column":40},"end":{"line":14,"column":1}},"line":5},"1":{"name":"addnewPatient","decl":{"start":{"line":17,"column":15},"end":{"line":17,"column":28}},"loc":{"start":{"line":17,"column":39},"end":{"line":35,"column":1}},"line":17},"2":{"name":"updatePatient","decl":{"start":{"line":38,"column":15},"end":{"line":38,"column":28}},"loc":{"start":{"line":38,"column":39},"end":{"line":69,"column":1}},"line":38},"3":{"name":"deletePatient","decl":{"start":{"line":72,"column":15},"end":{"line":72,"column":28}},"loc":{"start":{"line":72,"column":39},"end":{"line":89,"column":1}},"line":72}},"branchMap":{"0":{"loc":{"start":{"line":21,"column":2},"end":{"line":23,"column":3}},"type":"if","locations":[{"start":{"line":21,"column":2},"end":{"line":23,"column":3}},{"start":{},"end":{}}],"line":21},"1":{"loc":{"start":{"line":21,"column":6},"end":{"line":21,"column":57}},"type":"binary-expr","locations":[{"start":{"line":21,"column":6},"end":{"line":21,"column":11}},{"start":{"line":21,"column":15},"end":{"line":21,"column":24}},{"start":{"line":21,"column":28},"end":{"line":21,"column":34}},{"start":{"line":21,"column":38},"end":{"line":21,"column":45}},{"start":{"line":21,"column":49},"end":{"line":21,"column":57}}],"line":21},"2":{"loc":{"start":{"line":48,"column":4},"end":{"line":50,"column":5}},"type":"if","locations":[{"start":{"line":48,"column":4},"end":{"line":50,"column":5}},{"start":{},"end":{}}],"line":48},"3":{"loc":{"start":{"line":56,"column":8},"end":{"line":56,"column":28}},"type":"binary-expr","locations":[{"start":{"line":56,"column":8},"end":{"line":56,"column":12}},{"start":{"line":56,"column":16},"end":{"line":56,"column":28}}],"line":56},"4":{"loc":{"start":{"line":57,"column":8},"end":{"line":57,"column":37}},"type":"binary-expr","locations":[{"start":{"line":57,"column":8},"end":{"line":57,"column":16}},{"start":{"line":57,"column":20},"end":{"line":57,"column":37}}],"line":57},"5":{"loc":{"start":{"line":58,"column":8},"end":{"line":58,"column":30}},"type":"binary-expr","locations":[{"start":{"line":58,"column":8},"end":{"line":58,"column":13}},{"start":{"line":58,"column":17},"end":{"line":58,"column":30}}],"line":58},"6":{"loc":{"start":{"line":59,"column":8},"end":{"line":59,"column":32}},"type":"binary-expr","locations":[{"start":{"line":59,"column":8},"end":{"line":59,"column":14}},{"start":{"line":59,"column":18},"end":{"line":59,"column":32}}],"line":59},"7":{"loc":{"start":{"line":60,"column":8},"end":{"line":60,"column":34}},"type":"binary-expr","locations":[{"start":{"line":60,"column":8},"end":{"line":60,"column":15}},{"start":{"line":60,"column":19},"end":{"line":60,"column":34}}],"line":60},"8":{"loc":{"start":{"line":81,"column":4},"end":{"line":83,"column":5}},"type":"if","locations":[{"start":{"line":81,"column":4},"end":{"line":83,"column":5}},{"start":{},"end":{}}],"line":81}},"s":{"0":5,"1":3,"2":3,"3":3,"4":0,"5":6,"6":6,"7":1,"8":5,"9":5,"10":5,"11":0,"12":3,"13":3,"14":3,"15":3,"16":3,"17":1,"18":2,"19":2,"20":2,"21":0,"22":2,"23":2,"24":2,"25":2,"26":1,"27":1,"28":0,"29":5},"f":{"0":3,"1":6,"2":3,"3":2},"b":{"0":[1,5],"1":[6,6,5,5,5],"2":[1,2],"3":[2,1],"4":[2,1],"5":[2,1],"6":[2,2],"7":[2,1],"8":[1,1]},"_coverageSchema":"1a1c01bbd47fc00a2c39e90264f33305004495a9","hash":"262f437de6e2ab673cc6b300ac075cef2fa7b5eb"}
,"C:\\Users\\Usuario-PC\\Desktop\\Respaldos Cliente Leonel Tipan\\Desktop\\Universidad\\8vosemestre\\Pruebas\\Pruebas-Proyecto-1P\\src\\routes\\doctores.routes.js": {"path":"C:\\Users\\Usuario-PC\\Desktop\\Respaldos Cliente Leonel Tipan\\Desktop\\Universidad\\8vosemestre\\Pruebas\\Pruebas-Proyecto-1P\\src\\routes\\doctores.routes.js","statementMap":{"0":{"start":{"line":1,"column":16},"end":{"line":1,"column":34}},"1":{"start":{"line":2,"column":68},"end":{"line":2,"column":113}},"2":{"start":{"line":4,"column":15},"end":{"line":4,"column":31}},"3":{"start":{"line":8,"column":0},"end":{"line":8,"column":31}},"4":{"start":{"line":11,"column":0},"end":{"line":11,"column":31}},"5":{"start":{"line":14,"column":0},"end":{"line":14,"column":33}},"6":{"start":{"line":17,"column":0},"end":{"line":17,"column":36}},"7":{"start":{"line":19,"column":0},"end":{"line":19,"column":24}}},"fnMap":{},"branchMap":{},"s":{"0":5,"1":5,"2":5,"3":5,"4":5,"5":5,"6":5,"7":5},"f":{},"b":{},"_coverageSchema":"1a1c01bbd47fc00a2c39e90264f33305004495a9","hash":"0644b5b8c2e96d1de4f6c8e598121197404ae7be"}
,"C:\\Users\\Usuario-PC\\Desktop\\Respaldos Cliente Leonel Tipan\\Desktop\\Universidad\\8vosemestre\\Pruebas\\Pruebas-Proyecto-1P\\src\\routes\\especialidades.routes.js": {"path":"C:\\Users\\Usuario-PC\\Desktop\\Respaldos Cliente Leonel Tipan\\Desktop\\Universidad\\8vosemestre\\Pruebas\\Pruebas-Proyecto-1P\\src\\routes\\especialidades.routes.js","statementMap":{"0":{"start":{"line":1,"column":16},"end":{"line":1,"column":34}},"1":{"start":{"line":2,"column":81},"end":{"line":2,"column":132}},"2":{"start":{"line":4,"column":15},"end":{"line":4,"column":31}},"3":{"start":{"line":7,"column":0},"end":{"line":7,"column":35}},"4":{"start":{"line":10,"column":0},"end":{"line":10,"column":34}},"5":{"start":{"line":13,"column":0},"end":{"line":13,"column":36}},"6":{"start":{"line":16,"column":0},"end":{"line":16,"column":39}},"7":{"start":{"line":19,"column":0},"end":{"line":19,"column":24}}},"fnMap":{},"branchMap":{},"s":{"0":5,"1":5,"2":5,"3":5,"4":5,"5":5,"6":5,"7":5},"f":{},"b":{},"_coverageSchema":"1a1c01bbd47fc00a2c39e90264f33305004495a9","hash":"321773d4c7bc0fe2b3a18fa701ff2a70fa03f9c5"}
,"C:\\Users\\Usuario-PC\\Desktop\\Respaldos Cliente Leonel Tipan\\Desktop\\Universidad\\8vosemestre\\Pruebas\\Pruebas-Proyecto-1P\\src\\routes\\medicamentos.routes.js": {"path":"C:\\Users\\Usuario-PC\\Desktop\\Respaldos Cliente Leonel Tipan\\Desktop\\Universidad\\8vosemestre\\Pruebas\\Pruebas-Proyecto-1P\\src\\routes\\medicamentos.routes.js","statementMap":{"0":{"start":{"line":1,"column":16},"end":{"line":1,"column":34}},"1":{"start":{"line":2,"column":88},"end":{"line":2,"column":137}},"2":{"start":{"line":4,"column":15},"end":{"line":4,"column":31}},"3":{"start":{"line":7,"column":0},"end":{"line":7,"column":36}},"4":{"start":{"line":10,"column":0},"end":{"line":10,"column":36}},"5":{"start":{"line":13,"column":0},"end":{"line":13,"column":38}},"6":{"start":{"line":16,"column":0},"end":{"line":16,"column":41}},"7":{"start":{"line":18,"column":0},"end":{"line":18,"column":24}}},"fnMap":{},"branchMap":{},"s":{"0":5,"1":5,"2":5,"3":5,"4":5,"5":5,"6":5,"7":5},"f":{},"b":{},"_coverageSchema":"1a1c01bbd47fc00a2c39e90264f33305004495a9","hash":"acc517d98db13384e531d3ea0224bf2c3111ed17"}
,"C:\\Users\\Usuario-PC\\Desktop\\Respaldos Cliente Leonel Tipan\\Desktop\\Universidad\\8vosemestre\\Pruebas\\Pruebas-Proyecto-1P\\src\\routes\\pacientes.routes.js": {"path":"C:\\Users\\Usuario-PC\\Desktop\\Respaldos Cliente Leonel Tipan\\Desktop\\Universidad\\8vosemestre\\Pruebas\\Pruebas-Proyecto-1P\\src\\routes\\pacientes.routes.js","statementMap":{"0":{"start":{"line":1,"column":16},"end":{"line":1,"column":34}},"1":{"start":{"line":2,"column":72},"end":{"line":2,"column":118}},"2":{"start":{"line":4,"column":15},"end":{"line":4,"column":31}},"3":{"start":{"line":7,"column":0},"end":{"line":7,"column":32}},"4":{"start":{"line":10,"column":0},"end":{"line":10,"column":32}},"5":{"start":{"line":13,"column":0},"end":{"line":13,"column":34}},"6":{"start":{"line":16,"column":0},"end":{"line":16,"column":37}},"7":{"start":{"line":18,"column":0},"end":{"line":18,"column":24}}},"fnMap":{},"branchMap":{},"s":{"0":5,"1":5,"2":5,"3":5,"4":5,"5":5,"6":5,"7":5},"f":{},"b":{},"_coverageSchema":"1a1c01bbd47fc00a2c39e90264f33305004495a9","hash":"f1de9da1fc450de58e931d247e4678ae657c7776"}
}
