{"/home/grimroot/Desktop/8voSemestre/Pruebas-Proyecto-1P/src/app.js": {"path":"/home/grimroot/Desktop/8voSemestre/Pruebas-Proyecto-1P/src/app.js","statementMap":{"0":{"start":{"line":1,"column":13},"end":{"line":1,"column":33}},"1":{"start":{"line":2,"column":16},"end":{"line":2,"column":34}},"2":{"start":{"line":3,"column":15},"end":{"line":3,"column":32}},"3":{"start":{"line":4,"column":18},"end":{"line":4,"column":47}},"4":{"start":{"line":5,"column":19},"end":{"line":5,"column":50}},"5":{"start":{"line":6,"column":21},"end":{"line":6,"column":56}},"6":{"start":{"line":7,"column":23},"end":{"line":7,"column":62}},"7":{"start":{"line":8,"column":24},"end":{"line":8,"column":65}},"8":{"start":{"line":9,"column":22},"end":{"line":9,"column":58}},"9":{"start":{"line":10,"column":26},"end":{"line":10,"column":58}},"10":{"start":{"line":11,"column":27},"end":{"line":11,"column":61}},"11":{"start":{"line":12,"column":20},"end":{"line":12,"column":52}},"12":{"start":{"line":13,"column":36},"end":{"line":13,"column":64}},"13":{"start":{"line":14,"column":35},"end":{"line":14,"column":72}},"14":{"start":{"line":16,"column":12},"end":{"line":16,"column":21}},"15":{"start":{"line":17,"column":0},"end":{"line":17,"column":28}},"16":{"start":{"line":18,"column":0},"end":{"line":18,"column":26}},"17":{"start":{"line":19,"column":0},"end":{"line":32,"column":4}},"18":{"start":{"line":34,"column":23},"end":{"line":34,"column":73}},"19":{"start":{"line":35,"column":23},"end":{"line":36,"column":60}},"20":{"start":{"line":36,"column":30},"end":{"line":36,"column":43}},"21":{"start":{"line":38,"column":0},"end":{"line":49,"column":3}},"22":{"start":{"line":39,"column":17},"end":{"line":39,"column":34}},"23":{"start":{"line":40,"column":2},"end":{"line":42,"column":3}},"24":{"start":{"line":41,"column":4},"end":{"line":41,"column":70}},"25":{"start":{"line":43,"column":2},"end":{"line":43,"column":61}},"26":{"start":{"line":43,"column":14},"end":{"line":43,"column":61}},"27":{"start":{"line":44,"column":2},"end":{"line":44,"column":28}},"28":{"start":{"line":45,"column":2},"end":{"line":45,"column":79}},"29":{"start":{"line":46,"column":2},"end":{"line":46,"column":72}},"30":{"start":{"line":47,"column":2},"end":{"line":47,"column":59}},"31":{"start":{"line":47,"column":32},"end":{"line":47,"column":59}},"32":{"start":{"line":48,"column":2},"end":{"line":48,"column":16}},"33":{"start":{"line":51,"column":0},"end":{"line":51,"column":56}},"34":{"start":{"line":52,"column":0},"end":{"line":58,"column":4}},"35":{"start":{"line":60,"column":0},"end":{"line":60,"column":65}},"36":{"start":{"line":60,"column":37},"end":{"line":60,"column":63}},"37":{"start":{"line":61,"column":0},"end":{"line":61,"column":33}},"38":{"start":{"line":62,"column":0},"end":{"line":62,"column":53}},"39":{"start":{"line":63,"column":0},"end":{"line":63,"column":59}},"40":{"start":{"line":64,"column":0},"end":{"line":64,"column":62}},"41":{"start":{"line":65,"column":0},"end":{"line":65,"column":55}},"42":{"start":{"line":66,"column":0},"end":{"line":66,"column":55}},"43":{"start":{"line":67,"column":0},"end":{"line":67,"column":58}},"44":{"start":{"line":68,"column":0},"end":{"line":68,"column":69}},"45":{"start":{"line":70,"column":24},"end":{"line":70,"column":78}},"46":{"start":{"line":71,"column":0},"end":{"line":71,"column":59}},"47":{"start":{"line":72,"column":0},"end":{"line":75,"column":3}},"48":{"start":{"line":73,"column":2},"end":{"line":73,"column":50}},"49":{"start":{"line":73,"column":36},"end":{"line":73,"column":50}},"50":{"start":{"line":74,"column":2},"end":{"line":74,"column":64}},"51":{"start":{"line":76,"column":0},"end":{"line":76,"column":18}},"52":{"start":{"line":77,"column":0},"end":{"line":77,"column":22}},"53":{"start":{"line":79,"column":0},"end":{"line":79,"column":21}}},"fnMap":{"0":{"name":"(anonymous_0)","decl":{"start":{"line":36,"column":18},"end":{"line":36,"column":19}},"loc":{"start":{"line":36,"column":30},"end":{"line":36,"column":43}},"line":36},"1":{"name":"(anonymous_1)","decl":{"start":{"line":38,"column":8},"end":{"line":38,"column":9}},"loc":{"start":{"line":38,"column":28},"end":{"line":49,"column":1}},"line":38},"2":{"name":"(anonymous_2)","decl":{"start":{"line":60,"column":23},"end":{"line":60,"column":24}},"loc":{"start":{"line":60,"column":37},"end":{"line":60,"column":63}},"line":60},"3":{"name":"(anonymous_3)","decl":{"start":{"line":72,"column":20},"end":{"line":72,"column":21}},"loc":{"start":{"line":72,"column":40},"end":{"line":75,"column":1}},"line":72}},"branchMap":{"0":{"loc":{"start":{"line":35,"column":24},"end":{"line":35,"column":79}},"type":"binary-expr","locations":[{"start":{"line":35,"column":24},"end":{"line":35,"column":51}},{"start":{"line":35,"column":55},"end":{"line":35,"column":79}}],"line":35},"1":{"loc":{"start":{"line":40,"column":2},"end":{"line":42,"column":3}},"type":"if","locations":[{"start":{"line":40,"column":2},"end":{"line":42,"column":3}},{"start":{},"end":{}}],"line":40},"2":{"loc":{"start":{"line":40,"column":6},"end":{"line":40,"column":48}},"type":"binary-expr","locations":[{"start":{"line":40,"column":6},"end":{"line":40,"column":12}},{"start":{"line":40,"column":16},"end":{"line":40,"column":48}}],"line":40},"3":{"loc":{"start":{"line":43,"column":2},"end":{"line":43,"column":61}},"type":"if","locations":[{"start":{"line":43,"column":2},"end":{"line":43,"column":61}},{"start":{},"end":{}}],"line":43},"4":{"loc":{"start":{"line":47,"column":2},"end":{"line":47,"column":59}},"type":"if","locations":[{"start":{"line":47,"column":2},"end":{"line":47,"column":59}},{"start":{},"end":{}}],"line":47},"5":{"loc":{"start":{"line":73,"column":2},"end":{"line":73,"column":50}},"type":"if","locations":[{"start":{"line":73,"column":2},"end":{"line":73,"column":50}},{"start":{},"end":{}}],"line":73}},"s":{"0":2,"1":2,"2":2,"3":2,"4":2,"5":2,"6":2,"7":2,"8":2,"9":2,"10":2,"11":2,"12":2,"13":2,"14":2,"15":2,"16":2,"17":2,"18":2,"19":2,"20":4,"21":2,"22":99,"23":99,"24":1,"25":98,"26":1,"27":98,"28":98,"29":98,"30":98,"31":1,"32":97,"33":2,"34":2,"35":2,"36":1,"37":2,"38":2,"39":2,"40":2,"41":2,"42":2,"43":2,"44":2,"45":2,"46":2,"47":2,"48":2,"49":1,"50":1,"51":2,"52":2,"53":2},"f":{"0":4,"1":99,"2":1,"3":2},"b":{"0":[2,2],"1":[1,98],"2":[99,2],"3":[1,97],"4":[1,97],"5":[1,1]},"_coverageSchema":"1a1c01bbd47fc00a2c39e90264f33305004495a9","hash":"74ba9a33395b86e9562981b626a35a826ee47810"}
,"/home/grimroot/Desktop/8voSemestre/Pruebas-Proyecto-1P/src/db.js": {"path":"/home/grimroot/Desktop/8voSemestre/Pruebas-Proyecto-1P/src/db.js","statementMap":{"0":{"start":{"line":1,"column":0},"end":{"line":1,"column":39}}},"fnMap":{},"branchMap":{},"s":{"0":2},"f":{},"b":{},"_coverageSchema":"1a1c01bbd47fc00a2c39e90264f33305004495a9","hash":"1f959714d835821e0d3a3be0e7cc73c7b38834c3"}
,"/home/grimroot/Desktop/8voSemestre/Pruebas-Proyecto-1P/src/controllers/admin.controller.js": {"path":"/home/grimroot/Desktop/8voSemestre/Pruebas-Proyecto-1P/src/controllers/admin.controller.js","statementMap":{"0":{"start":{"line":1,"column":11},"end":{"line":1,"column":27}},"1":{"start":{"line":4,"column":17},"end":{"line":12,"column":4}},"2":{"start":{"line":13,"column":17},"end":{"line":15,"column":3}},"3":{"start":{"line":14,"column":57},"end":{"line":14,"column":77}},"4":{"start":{"line":16,"column":2},"end":{"line":16,"column":19}},"5":{"start":{"line":19,"column":0},"end":{"line":19,"column":29}}},"fnMap":{"0":{"name":"summary","decl":{"start":{"line":3,"column":15},"end":{"line":3,"column":22}},"loc":{"start":{"line":3,"column":33},"end":{"line":17,"column":1}},"line":3},"1":{"name":"(anonymous_1)","decl":{"start":{"line":14,"column":39},"end":{"line":14,"column":40}},"loc":{"start":{"line":14,"column":57},"end":{"line":14,"column":77}},"line":14}},"branchMap":{},"s":{"0":2,"1":1,"2":1,"3":6,"4":1,"5":2},"f":{"0":1,"1":6},"b":{},"_coverageSchema":"1a1c01bbd47fc00a2c39e90264f33305004495a9","hash":"b716acd71d45a25bddb6718f5120bbbd359900fb"}
,"/home/grimroot/Desktop/8voSemestre/Pruebas-Proyecto-1P/src/controllers/auth.controller.js": {"path":"/home/grimroot/Desktop/8voSemestre/Pruebas-Proyecto-1P/src/controllers/auth.controller.js","statementMap":{"0":{"start":{"line":1,"column":15},"end":{"line":1,"column":34}},"1":{"start":{"line":2,"column":11},"end":{"line":2,"column":27}},"2":{"start":{"line":3,"column":18},"end":{"line":3,"column":48}},"3":{"start":{"line":4,"column":22},"end":{"line":4,"column":51}},"4":{"start":{"line":7,"column":2},"end":{"line":7,"column":61}},"5":{"start":{"line":11,"column":72},"end":{"line":11,"column":80}},"6":{"start":{"line":12,"column":19},"end":{"line":12,"column":85}},"7":{"start":{"line":13,"column":2},"end":{"line":13,"column":85}},"8":{"start":{"line":13,"column":29},"end":{"line":13,"column":85}},"9":{"start":{"line":15,"column":23},"end":{"line":15,"column":54}},"10":{"start":{"line":16,"column":17},"end":{"line":30,"column":4}},"11":{"start":{"line":17,"column":17},"end":{"line":21,"column":5}},"12":{"start":{"line":22,"column":20},"end":{"line":28,"column":5}},"13":{"start":{"line":29,"column":4},"end":{"line":29,"column":60}},"14":{"start":{"line":32,"column":2},"end":{"line":36,"column":5}},"15":{"start":{"line":40,"column":30},"end":{"line":40,"column":38}},"16":{"start":{"line":41,"column":17},"end":{"line":44,"column":3}},"17":{"start":{"line":45,"column":15},"end":{"line":45,"column":29}},"18":{"start":{"line":46,"column":16},"end":{"line":46,"column":89}},"19":{"start":{"line":47,"column":2},"end":{"line":47,"column":68}},"20":{"start":{"line":47,"column":14},"end":{"line":47,"column":68}},"21":{"start":{"line":49,"column":2},"end":{"line":49,"column":63}},"22":{"start":{"line":53,"column":17},"end":{"line":56,"column":3}},"23":{"start":{"line":57,"column":2},"end":{"line":59,"column":3}},"24":{"start":{"line":58,"column":4},"end":{"line":58,"column":54}},"25":{"start":{"line":60,"column":2},"end":{"line":60,"column":39}},"26":{"start":{"line":63,"column":0},"end":{"line":63,"column":41}}},"fnMap":{"0":{"name":"publicUser","decl":{"start":{"line":6,"column":9},"end":{"line":6,"column":19}},"loc":{"start":{"line":6,"column":26},"end":{"line":8,"column":1}},"line":6},"1":{"name":"register","decl":{"start":{"line":10,"column":15},"end":{"line":10,"column":23}},"loc":{"start":{"line":10,"column":34},"end":{"line":37,"column":1}},"line":10},"2":{"name":"(anonymous_2)","decl":{"start":{"line":16,"column":38},"end":{"line":16,"column":39}},"loc":{"start":{"line":16,"column":56},"end":{"line":30,"column":3}},"line":16},"3":{"name":"login","decl":{"start":{"line":39,"column":15},"end":{"line":39,"column":20}},"loc":{"start":{"line":39,"column":31},"end":{"line":50,"column":1}},"line":39},"4":{"name":"me","decl":{"start":{"line":52,"column":15},"end":{"line":52,"column":17}},"loc":{"start":{"line":52,"column":28},"end":{"line":61,"column":1}},"line":52}},"branchMap":{"0":{"loc":{"start":{"line":13,"column":2},"end":{"line":13,"column":85}},"type":"if","locations":[{"start":{"line":13,"column":2},"end":{"line":13,"column":85}},{"start":{},"end":{}}],"line":13},"1":{"loc":{"start":{"line":27,"column":62},"end":{"line":27,"column":79}},"type":"binary-expr","locations":[{"start":{"line":27,"column":62},"end":{"line":27,"column":71}},{"start":{"line":27,"column":75},"end":{"line":27,"column":79}}],"line":27},"2":{"loc":{"start":{"line":46,"column":16},"end":{"line":46,"column":89}},"type":"binary-expr","locations":[{"start":{"line":46,"column":16},"end":{"line":46,"column":20}},{"start":{"line":46,"column":24},"end":{"line":46,"column":35}},{"start":{"line":46,"column":39},"end":{"line":46,"column":89}}],"line":46},"3":{"loc":{"start":{"line":47,"column":2},"end":{"line":47,"column":68}},"type":"if","locations":[{"start":{"line":47,"column":2},"end":{"line":47,"column":68}},{"start":{},"end":{}}],"line":47},"4":{"loc":{"start":{"line":57,"column":2},"end":{"line":59,"column":3}},"type":"if","locations":[{"start":{"line":57,"column":2},"end":{"line":59,"column":3}},{"start":{},"end":{}}],"line":57},"5":{"loc":{"start":{"line":57,"column":6},"end":{"line":57,"column":53}},"type":"binary-expr","locations":[{"start":{"line":57,"column":6},"end":{"line":57,"column":27}},{"start":{"line":57,"column":31},"end":{"line":57,"column":53}}],"line":57}},"s":{"0":2,"1":2,"2":2,"3":2,"4":7,"5":3,"6":3,"7":3,"8":1,"9":2,"10":2,"11":2,"12":2,"13":2,"14":2,"15":7,"16":7,"17":7,"18":7,"19":7,"20":3,"21":4,"22":2,"23":2,"24":1,"25":1,"26":2},"f":{"0":7,"1":3,"2":2,"3":7,"4":2},"b":{"0":[1,2],"1":[2,1],"2":[7,6,5],"3":[3,4],"4":[1,1],"5":[2,2]},"_coverageSchema":"1a1c01bbd47fc00a2c39e90264f33305004495a9","hash":"b88e52d96fc5a298f3c9d0fef718924bf30afabb"}
,"/home/grimroot/Desktop/8voSemestre/Pruebas-Proyecto-1P/src/controllers/citas.controller.js": {"path":"/home/grimroot/Desktop/8voSemestre/Pruebas-Proyecto-1P/src/controllers/citas.controller.js","statementMap":{"0":{"start":{"line":1,"column":11},"end":{"line":1,"column":27}},"1":{"start":{"line":2,"column":18},"end":{"line":2,"column":48}},"2":{"start":{"line":4,"column":26},"end":{"line":12,"column":47}},"3":{"start":{"line":15,"column":2},"end":{"line":18,"column":3}},"4":{"start":{"line":16,"column":19},"end":{"line":16,"column":98}},"5":{"start":{"line":17,"column":4},"end":{"line":17,"column":45}},"6":{"start":{"line":19,"column":2},"end":{"line":22,"column":3}},"7":{"start":{"line":20,"column":19},"end":{"line":20,"column":97}},"8":{"start":{"line":21,"column":4},"end":{"line":21,"column":44}},"9":{"start":{"line":23,"column":2},"end":{"line":23,"column":12}},"10":{"start":{"line":27,"column":18},"end":{"line":27,"column":45}},"11":{"start":{"line":28,"column":14},"end":{"line":28,"column":16}},"12":{"start":{"line":29,"column":15},"end":{"line":29,"column":17}},"13":{"start":{"line":30,"column":2},"end":{"line":36,"column":3}},"14":{"start":{"line":31,"column":4},"end":{"line":31,"column":38}},"15":{"start":{"line":32,"column":4},"end":{"line":32,"column":33}},"16":{"start":{"line":33,"column":9},"end":{"line":36,"column":3}},"17":{"start":{"line":34,"column":4},"end":{"line":34,"column":36}},"18":{"start":{"line":35,"column":4},"end":{"line":35,"column":32}},"19":{"start":{"line":37,"column":17},"end":{"line":37,"column":95}},"20":{"start":{"line":38,"column":2},"end":{"line":38,"column":24}},"21":{"start":{"line":42,"column":15},"end":{"line":42,"column":30}},"22":{"start":{"line":43,"column":2},"end":{"line":45,"column":3}},"23":{"start":{"line":44,"column":4},"end":{"line":44,"column":88}},"24":{"start":{"line":46,"column":21},"end":{"line":46,"column":66}},"25":{"start":{"line":47,"column":14},"end":{"line":47,"column":36}},"26":{"start":{"line":48,"column":15},"end":{"line":48,"column":39}},"27":{"start":{"line":49,"column":17},"end":{"line":49,"column":43}},"28":{"start":{"line":50,"column":2},"end":{"line":52,"column":3}},"29":{"start":{"line":51,"column":4},"end":{"line":51,"column":94}},"30":{"start":{"line":56,"column":2},"end":{"line":56,"column":41}},"31":{"start":{"line":57,"column":18},"end":{"line":57,"column":45}},"32":{"start":{"line":58,"column":20},"end":{"line":58,"column":59}},"33":{"start":{"line":59,"column":2},"end":{"line":59,"column":87}},"34":{"start":{"line":59,"column":18},"end":{"line":59,"column":87}},"35":{"start":{"line":61,"column":20},"end":{"line":66,"column":3}},"36":{"start":{"line":67,"column":2},"end":{"line":67,"column":92}},"37":{"start":{"line":67,"column":41},"end":{"line":67,"column":92}},"38":{"start":{"line":68,"column":2},"end":{"line":68,"column":105}},"39":{"start":{"line":68,"column":40},"end":{"line":68,"column":105}},"40":{"start":{"line":70,"column":19},"end":{"line":74,"column":3}},"41":{"start":{"line":75,"column":2},"end":{"line":75,"column":98}},"42":{"start":{"line":75,"column":29},"end":{"line":75,"column":98}},"43":{"start":{"line":77,"column":19},"end":{"line":81,"column":3}},"44":{"start":{"line":82,"column":18},"end":{"line":82,"column":93}},"45":{"start":{"line":83,"column":2},"end":{"line":83,"column":40}},"46":{"start":{"line":87,"column":18},"end":{"line":87,"column":84}},"47":{"start":{"line":88,"column":2},"end":{"line":88,"column":80}},"48":{"start":{"line":88,"column":30},"end":{"line":88,"column":80}},"49":{"start":{"line":89,"column":22},"end":{"line":89,"column":37}},"50":{"start":{"line":90,"column":18},"end":{"line":90,"column":45}},"51":{"start":{"line":92,"column":2},"end":{"line":94,"column":3}},"52":{"start":{"line":93,"column":4},"end":{"line":93,"column":79}},"53":{"start":{"line":95,"column":2},"end":{"line":102,"column":3}},"54":{"start":{"line":96,"column":4},"end":{"line":98,"column":5}},"55":{"start":{"line":97,"column":6},"end":{"line":97,"column":76}},"56":{"start":{"line":99,"column":4},"end":{"line":101,"column":5}},"57":{"start":{"line":100,"column":6},"end":{"line":100,"column":72}},"58":{"start":{"line":104,"column":22},"end":{"line":109,"column":3}},"59":{"start":{"line":110,"column":2},"end":{"line":112,"column":3}},"60":{"start":{"line":111,"column":4},"end":{"line":111,"column":90}},"61":{"start":{"line":114,"column":2},"end":{"line":117,"column":4}},"62":{"start":{"line":118,"column":18},"end":{"line":118,"column":87}},"63":{"start":{"line":119,"column":2},"end":{"line":119,"column":28}},"64":{"start":{"line":122,"column":0},"end":{"line":122,"column":106}}},"fnMap":{"0":{"name":"roleProfile","decl":{"start":{"line":14,"column":15},"end":{"line":14,"column":26}},"loc":{"start":{"line":14,"column":33},"end":{"line":24,"column":1}},"line":14},"1":{"name":"getAppointments","decl":{"start":{"line":26,"column":15},"end":{"line":26,"column":30}},"loc":{"start":{"line":26,"column":41},"end":{"line":39,"column":1}},"line":26},"2":{"name":"validateSchedule","decl":{"start":{"line":41,"column":9},"end":{"line":41,"column":25}},"loc":{"start":{"line":41,"column":33},"end":{"line":53,"column":1}},"line":41},"3":{"name":"createAppointment","decl":{"start":{"line":55,"column":15},"end":{"line":55,"column":32}},"loc":{"start":{"line":55,"column":43},"end":{"line":84,"column":1}},"line":55},"4":{"name":"updateAppointment","decl":{"start":{"line":86,"column":15},"end":{"line":86,"column":32}},"loc":{"start":{"line":86,"column":43},"end":{"line":120,"column":1}},"line":86}},"branchMap":{"0":{"loc":{"start":{"line":15,"column":2},"end":{"line":18,"column":3}},"type":"if","locations":[{"start":{"line":15,"column":2},"end":{"line":18,"column":3}},{"start":{},"end":{}}],"line":15},"1":{"loc":{"start":{"line":19,"column":2},"end":{"line":22,"column":3}},"type":"if","locations":[{"start":{"line":19,"column":2},"end":{"line":22,"column":3}},{"start":{},"end":{}}],"line":19},"2":{"loc":{"start":{"line":30,"column":2},"end":{"line":36,"column":3}},"type":"if","locations":[{"start":{"line":30,"column":2},"end":{"line":36,"column":3}},{"start":{"line":33,"column":9},"end":{"line":36,"column":3}}],"line":30},"3":{"loc":{"start":{"line":33,"column":9},"end":{"line":36,"column":3}},"type":"if","locations":[{"start":{"line":33,"column":9},"end":{"line":36,"column":3}},{"start":{},"end":{}}],"line":33},"4":{"loc":{"start":{"line":43,"column":2},"end":{"line":45,"column":3}},"type":"if","locations":[{"start":{"line":43,"column":2},"end":{"line":45,"column":3}},{"start":{},"end":{}}],"line":43},"5":{"loc":{"start":{"line":50,"column":2},"end":{"line":52,"column":3}},"type":"if","locations":[{"start":{"line":50,"column":2},"end":{"line":52,"column":3}},{"start":{},"end":{}}],"line":50},"6":{"loc":{"start":{"line":50,"column":6},"end":{"line":50,"column":83}},"type":"binary-expr","locations":[{"start":{"line":50,"column":6},"end":{"line":50,"column":15}},{"start":{"line":50,"column":19},"end":{"line":50,"column":28}},{"start":{"line":50,"column":32},"end":{"line":50,"column":40}},{"start":{"line":50,"column":44},"end":{"line":50,"column":54}},{"start":{"line":50,"column":58},"end":{"line":50,"column":83}}],"line":50},"7":{"loc":{"start":{"line":58,"column":20},"end":{"line":58,"column":59}},"type":"binary-expr","locations":[{"start":{"line":58,"column":20},"end":{"line":58,"column":37}},{"start":{"line":58,"column":41},"end":{"line":58,"column":59}}],"line":58},"8":{"loc":{"start":{"line":59,"column":2},"end":{"line":59,"column":87}},"type":"if","locations":[{"start":{"line":59,"column":2},"end":{"line":59,"column":87}},{"start":{},"end":{}}],"line":59},"9":{"loc":{"start":{"line":67,"column":2},"end":{"line":67,"column":92}},"type":"if","locations":[{"start":{"line":67,"column":2},"end":{"line":67,"column":92}},{"start":{},"end":{}}],"line":67},"10":{"loc":{"start":{"line":68,"column":2},"end":{"line":68,"column":105}},"type":"if","locations":[{"start":{"line":68,"column":2},"end":{"line":68,"column":105}},{"start":{},"end":{}}],"line":68},"11":{"loc":{"start":{"line":75,"column":2},"end":{"line":75,"column":98}},"type":"if","locations":[{"start":{"line":75,"column":2},"end":{"line":75,"column":98}},{"start":{},"end":{}}],"line":75},"12":{"loc":{"start":{"line":88,"column":2},"end":{"line":88,"column":80}},"type":"if","locations":[{"start":{"line":88,"column":2},"end":{"line":88,"column":80}},{"start":{},"end":{}}],"line":88},"13":{"loc":{"start":{"line":92,"column":2},"end":{"line":94,"column":3}},"type":"if","locations":[{"start":{"line":92,"column":2},"end":{"line":94,"column":3}},{"start":{},"end":{}}],"line":92},"14":{"loc":{"start":{"line":92,"column":6},"end":{"line":92,"column":78}},"type":"binary-expr","locations":[{"start":{"line":92,"column":6},"end":{"line":92,"column":32}},{"start":{"line":92,"column":36},"end":{"line":92,"column":78}}],"line":92},"15":{"loc":{"start":{"line":95,"column":2},"end":{"line":102,"column":3}},"type":"if","locations":[{"start":{"line":95,"column":2},"end":{"line":102,"column":3}},{"start":{},"end":{}}],"line":95},"16":{"loc":{"start":{"line":96,"column":4},"end":{"line":98,"column":5}},"type":"if","locations":[{"start":{"line":96,"column":4},"end":{"line":98,"column":5}},{"start":{},"end":{}}],"line":96},"17":{"loc":{"start":{"line":99,"column":4},"end":{"line":101,"column":5}},"type":"if","locations":[{"start":{"line":99,"column":4},"end":{"line":101,"column":5}},{"start":{},"end":{}}],"line":99},"18":{"loc":{"start":{"line":110,"column":2},"end":{"line":112,"column":3}},"type":"if","locations":[{"start":{"line":110,"column":2},"end":{"line":112,"column":3}},{"start":{},"end":{}}],"line":110},"19":{"loc":{"start":{"line":116,"column":22},"end":{"line":116,"column":44}},"type":"binary-expr","locations":[{"start":{"line":116,"column":22},"end":{"line":116,"column":36}},{"start":{"line":116,"column":40},"end":{"line":116,"column":44}}],"line":116}},"s":{"0":2,"1":2,"2":2,"3":25,"4":9,"5":9,"6":16,"7":11,"8":11,"9":5,"10":3,"11":3,"12":3,"13":3,"14":1,"15":1,"16":2,"17":1,"18":1,"19":3,"20":3,"21":9,"22":9,"23":1,"24":8,"25":8,"26":8,"27":8,"28":8,"29":2,"30":8,"31":6,"32":6,"33":6,"34":1,"35":5,"36":5,"37":1,"38":4,"39":1,"40":3,"41":3,"42":1,"43":2,"44":2,"45":2,"46":8,"47":8,"48":1,"49":7,"50":7,"51":7,"52":1,"53":6,"54":3,"55":1,"56":2,"57":1,"58":4,"59":4,"60":1,"61":3,"62":3,"63":3,"64":2},"f":{"0":25,"1":3,"2":9,"3":8,"4":8},"b":{"0":[9,16],"1":[11,5],"2":[1,2],"3":[1,1],"4":[1,8],"5":[2,6],"6":[8,8,7,6,6],"7":[6,3],"8":[1,5],"9":[1,4],"10":[1,3],"11":[1,2],"12":[1,7],"13":[1,6],"14":[7,4],"15":[3,3],"16":[1,2],"17":[1,1],"18":[1,3],"19":[3,2]},"_coverageSchema":"1a1c01bbd47fc00a2c39e90264f33305004495a9","hash":"bfdf6f3b7c23b0c2042b6774be58d07eb456a53e"}
,"/home/grimroot/Desktop/8voSemestre/Pruebas-Proyecto-1P/src/controllers/doctores.controller.js": {"path":"/home/grimroot/Desktop/8voSemestre/Pruebas-Proyecto-1P/src/controllers/doctores.controller.js","statementMap":{"0":{"start":{"line":1,"column":15},"end":{"line":1,"column":34}},"1":{"start":{"line":2,"column":11},"end":{"line":2,"column":27}},"2":{"start":{"line":3,"column":18},"end":{"line":3,"column":48}},"3":{"start":{"line":5,"column":21},"end":{"line":9,"column":65}},"4":{"start":{"line":12,"column":17},"end":{"line":12,"column":64}},"5":{"start":{"line":13,"column":2},"end":{"line":13,"column":24}},"6":{"start":{"line":17,"column":88},"end":{"line":17,"column":96}},"7":{"start":{"line":18,"column":20},"end":{"line":18,"column":95}},"8":{"start":{"line":19,"column":2},"end":{"line":19,"column":85}},"9":{"start":{"line":19,"column":32},"end":{"line":19,"column":85}},"10":{"start":{"line":21,"column":23},"end":{"line":21,"column":61}},"11":{"start":{"line":22,"column":19},"end":{"line":35,"column":4}},"12":{"start":{"line":23,"column":17},"end":{"line":27,"column":5}},"13":{"start":{"line":28,"column":19},"end":{"line":33,"column":5}},"14":{"start":{"line":34,"column":4},"end":{"line":34,"column":29}},"15":{"start":{"line":36,"column":18},"end":{"line":36,"column":79}},"16":{"start":{"line":37,"column":2},"end":{"line":37,"column":40}},"17":{"start":{"line":41,"column":18},"end":{"line":41,"column":89}},"18":{"start":{"line":42,"column":2},"end":{"line":42,"column":75}},"19":{"start":{"line":42,"column":30},"end":{"line":42,"column":75}},"20":{"start":{"line":44,"column":17},"end":{"line":44,"column":32}},"21":{"start":{"line":45,"column":15},"end":{"line":52,"column":3}},"22":{"start":{"line":54,"column":20},"end":{"line":54,"column":100}},"23":{"start":{"line":55,"column":2},"end":{"line":55,"column":85}},"24":{"start":{"line":55,"column":32},"end":{"line":55,"column":85}},"25":{"start":{"line":57,"column":2},"end":{"line":66,"column":5}},"26":{"start":{"line":58,"column":4},"end":{"line":62,"column":6}},"27":{"start":{"line":63,"column":4},"end":{"line":65,"column":5}},"28":{"start":{"line":64,"column":6},"end":{"line":64,"column":99}},"29":{"start":{"line":67,"column":18},"end":{"line":67,"column":84}},"30":{"start":{"line":68,"column":2},"end":{"line":68,"column":28}},"31":{"start":{"line":72,"column":18},"end":{"line":72,"column":84}},"32":{"start":{"line":73,"column":2},"end":{"line":73,"column":75}},"33":{"start":{"line":73,"column":30},"end":{"line":73,"column":75}},"34":{"start":{"line":75,"column":29},"end":{"line":79,"column":3}},"35":{"start":{"line":80,"column":2},"end":{"line":82,"column":3}},"36":{"start":{"line":81,"column":4},"end":{"line":81,"column":65}},"37":{"start":{"line":84,"column":2},"end":{"line":90,"column":5}},"38":{"start":{"line":85,"column":4},"end":{"line":85,"column":88}},"39":{"start":{"line":86,"column":4},"end":{"line":89,"column":6}},"40":{"start":{"line":91,"column":2},"end":{"line":91,"column":50}},"41":{"start":{"line":94,"column":0},"end":{"line":94,"column":77}}},"fnMap":{"0":{"name":"getAllDoctors","decl":{"start":{"line":11,"column":15},"end":{"line":11,"column":28}},"loc":{"start":{"line":11,"column":39},"end":{"line":14,"column":1}},"line":11},"1":{"name":"addNewDoctor","decl":{"start":{"line":16,"column":15},"end":{"line":16,"column":27}},"loc":{"start":{"line":16,"column":38},"end":{"line":38,"column":1}},"line":16},"2":{"name":"(anonymous_2)","decl":{"start":{"line":22,"column":40},"end":{"line":22,"column":41}},"loc":{"start":{"line":22,"column":58},"end":{"line":35,"column":3}},"line":22},"3":{"name":"updateDoctor","decl":{"start":{"line":40,"column":15},"end":{"line":40,"column":27}},"loc":{"start":{"line":40,"column":38},"end":{"line":69,"column":1}},"line":40},"4":{"name":"(anonymous_4)","decl":{"start":{"line":57,"column":23},"end":{"line":57,"column":24}},"loc":{"start":{"line":57,"column":41},"end":{"line":66,"column":3}},"line":57},"5":{"name":"deleteDoctor","decl":{"start":{"line":71,"column":15},"end":{"line":71,"column":27}},"loc":{"start":{"line":71,"column":38},"end":{"line":92,"column":1}},"line":71},"6":{"name":"(anonymous_6)","decl":{"start":{"line":84,"column":23},"end":{"line":84,"column":24}},"loc":{"start":{"line":84,"column":41},"end":{"line":90,"column":3}},"line":84}},"branchMap":{"0":{"loc":{"start":{"line":19,"column":2},"end":{"line":19,"column":85}},"type":"if","locations":[{"start":{"line":19,"column":2},"end":{"line":19,"column":85}},{"start":{},"end":{}}],"line":19},"1":{"loc":{"start":{"line":42,"column":2},"end":{"line":42,"column":75}},"type":"if","locations":[{"start":{"line":42,"column":2},"end":{"line":42,"column":75}},{"start":{},"end":{}}],"line":42},"2":{"loc":{"start":{"line":46,"column":10},"end":{"line":46,"column":38}},"type":"binary-expr","locations":[{"start":{"line":46,"column":10},"end":{"line":46,"column":23}},{"start":{"line":46,"column":27},"end":{"line":46,"column":38}}],"line":46},"3":{"loc":{"start":{"line":47,"column":14},"end":{"line":47,"column":51}},"type":"binary-expr","locations":[{"start":{"line":47,"column":14},"end":{"line":47,"column":31}},{"start":{"line":47,"column":35},"end":{"line":47,"column":51}}],"line":47},"4":{"loc":{"start":{"line":48,"column":17},"end":{"line":48,"column":60}},"type":"binary-expr","locations":[{"start":{"line":48,"column":17},"end":{"line":48,"column":37}},{"start":{"line":48,"column":41},"end":{"line":48,"column":60}}],"line":48},"5":{"loc":{"start":{"line":49,"column":11},"end":{"line":49,"column":41}},"type":"binary-expr","locations":[{"start":{"line":49,"column":11},"end":{"line":49,"column":25}},{"start":{"line":49,"column":29},"end":{"line":49,"column":41}}],"line":49},"6":{"loc":{"start":{"line":50,"column":11},"end":{"line":50,"column":41}},"type":"binary-expr","locations":[{"start":{"line":50,"column":11},"end":{"line":50,"column":25}},{"start":{"line":50,"column":29},"end":{"line":50,"column":41}}],"line":50},"7":{"loc":{"start":{"line":51,"column":19},"end":{"line":51,"column":66}},"type":"binary-expr","locations":[{"start":{"line":51,"column":19},"end":{"line":51,"column":41}},{"start":{"line":51,"column":45},"end":{"line":51,"column":66}}],"line":51},"8":{"loc":{"start":{"line":55,"column":2},"end":{"line":55,"column":85}},"type":"if","locations":[{"start":{"line":55,"column":2},"end":{"line":55,"column":85}},{"start":{},"end":{}}],"line":55},"9":{"loc":{"start":{"line":63,"column":4},"end":{"line":65,"column":5}},"type":"if","locations":[{"start":{"line":63,"column":4},"end":{"line":65,"column":5}},{"start":{},"end":{}}],"line":63},"10":{"loc":{"start":{"line":73,"column":2},"end":{"line":73,"column":75}},"type":"if","locations":[{"start":{"line":73,"column":2},"end":{"line":73,"column":75}},{"start":{},"end":{}}],"line":73},"11":{"loc":{"start":{"line":80,"column":2},"end":{"line":82,"column":3}},"type":"if","locations":[{"start":{"line":80,"column":2},"end":{"line":82,"column":3}},{"start":{},"end":{}}],"line":80}},"s":{"0":2,"1":2,"2":2,"3":2,"4":1,"5":1,"6":3,"7":3,"8":3,"9":1,"10":2,"11":2,"12":2,"13":2,"14":2,"15":2,"16":2,"17":4,"18":4,"19":1,"20":3,"21":3,"22":3,"23":3,"24":1,"25":2,"26":2,"27":2,"28":1,"29":2,"30":2,"31":3,"32":3,"33":1,"34":2,"35":2,"36":1,"37":1,"38":1,"39":1,"40":1,"41":2},"f":{"0":1,"1":3,"2":2,"3":4,"4":2,"5":3,"6":1},"b":{"0":[1,2],"1":[1,3],"2":[3,3],"3":[3,3],"4":[3,2],"5":[3,1],"6":[3,2],"7":[3,3],"8":[1,2],"9":[1,1],"10":[1,2],"11":[1,1]},"_coverageSchema":"1a1c01bbd47fc00a2c39e90264f33305004495a9","hash":"a127ff73a2c11d0eee1979995b9633cdd2696d48"}
,"/home/grimroot/Desktop/8voSemestre/Pruebas-Proyecto-1P/src/controllers/especialidades.controller.js": {"path":"/home/grimroot/Desktop/8voSemestre/Pruebas-Proyecto-1P/src/controllers/especialidades.controller.js","statementMap":{"0":{"start":{"line":1,"column":11},"end":{"line":1,"column":27}},"1":{"start":{"line":2,"column":18},"end":{"line":2,"column":48}},"2":{"start":{"line":5,"column":17},"end":{"line":5,"column":97}},"3":{"start":{"line":6,"column":2},"end":{"line":6,"column":24}},"4":{"start":{"line":10,"column":17},"end":{"line":13,"column":3}},"5":{"start":{"line":14,"column":2},"end":{"line":14,"column":39}},"6":{"start":{"line":18,"column":17},"end":{"line":21,"column":3}},"7":{"start":{"line":22,"column":2},"end":{"line":22,"column":77}},"8":{"start":{"line":22,"column":29},"end":{"line":22,"column":77}},"9":{"start":{"line":23,"column":2},"end":{"line":23,"column":27}},"10":{"start":{"line":27,"column":15},"end":{"line":27,"column":102}},"11":{"start":{"line":28,"column":2},"end":{"line":28,"column":87}},"12":{"start":{"line":28,"column":25},"end":{"line":28,"column":87}},"13":{"start":{"line":29,"column":17},"end":{"line":32,"column":3}},"14":{"start":{"line":33,"column":2},"end":{"line":33,"column":77}},"15":{"start":{"line":33,"column":29},"end":{"line":33,"column":77}},"16":{"start":{"line":34,"column":2},"end":{"line":34,"column":27}},"17":{"start":{"line":37,"column":0},"end":{"line":37,"column":90}}},"fnMap":{"0":{"name":"getAllSpecialties","decl":{"start":{"line":4,"column":15},"end":{"line":4,"column":32}},"loc":{"start":{"line":4,"column":43},"end":{"line":7,"column":1}},"line":4},"1":{"name":"addnewSpecialty","decl":{"start":{"line":9,"column":15},"end":{"line":9,"column":30}},"loc":{"start":{"line":9,"column":41},"end":{"line":15,"column":1}},"line":9},"2":{"name":"updateSpecialty","decl":{"start":{"line":17,"column":15},"end":{"line":17,"column":30}},"loc":{"start":{"line":17,"column":41},"end":{"line":24,"column":1}},"line":17},"3":{"name":"deleteSpecialty","decl":{"start":{"line":26,"column":15},"end":{"line":26,"column":30}},"loc":{"start":{"line":26,"column":41},"end":{"line":35,"column":1}},"line":26}},"branchMap":{"0":{"loc":{"start":{"line":12,"column":20},"end":{"line":12,"column":48}},"type":"binary-expr","locations":[{"start":{"line":12,"column":20},"end":{"line":12,"column":40}},{"start":{"line":12,"column":44},"end":{"line":12,"column":48}}],"line":12},"1":{"loc":{"start":{"line":20,"column":20},"end":{"line":20,"column":48}},"type":"binary-expr","locations":[{"start":{"line":20,"column":20},"end":{"line":20,"column":40}},{"start":{"line":20,"column":44},"end":{"line":20,"column":48}}],"line":20},"2":{"loc":{"start":{"line":22,"column":2},"end":{"line":22,"column":77}},"type":"if","locations":[{"start":{"line":22,"column":2},"end":{"line":22,"column":77}},{"start":{},"end":{}}],"line":22},"3":{"loc":{"start":{"line":28,"column":2},"end":{"line":28,"column":87}},"type":"if","locations":[{"start":{"line":28,"column":2},"end":{"line":28,"column":87}},{"start":{},"end":{}}],"line":28},"4":{"loc":{"start":{"line":33,"column":2},"end":{"line":33,"column":77}},"type":"if","locations":[{"start":{"line":33,"column":2},"end":{"line":33,"column":77}},{"start":{},"end":{}}],"line":33}},"s":{"0":2,"1":2,"2":1,"3":1,"4":3,"5":2,"6":2,"7":2,"8":1,"9":1,"10":3,"11":3,"12":1,"13":2,"14":2,"15":1,"16":1,"17":2},"f":{"0":1,"1":3,"2":2,"3":3},"b":{"0":[3,2],"1":[2,2],"2":[1,1],"3":[1,2],"4":[1,1]},"_coverageSchema":"1a1c01bbd47fc00a2c39e90264f33305004495a9","hash":"fbb343bc9222fb42430e27f84c1f75befd9843de"}
,"/home/grimroot/Desktop/8voSemestre/Pruebas-Proyecto-1P/src/controllers/medicamentos.controller.js": {"path":"/home/grimroot/Desktop/8voSemestre/Pruebas-Proyecto-1P/src/controllers/medicamentos.controller.js","statementMap":{"0":{"start":{"line":1,"column":11},"end":{"line":1,"column":27}},"1":{"start":{"line":2,"column":18},"end":{"line":2,"column":48}},"2":{"start":{"line":5,"column":17},"end":{"line":5,"column":39}},"3":{"start":{"line":6,"column":17},"end":{"line":10,"column":3}},"4":{"start":{"line":11,"column":2},"end":{"line":11,"column":24}},"5":{"start":{"line":15,"column":17},"end":{"line":19,"column":3}},"6":{"start":{"line":20,"column":2},"end":{"line":20,"column":39}},"7":{"start":{"line":24,"column":18},"end":{"line":24,"column":91}},"8":{"start":{"line":25,"column":2},"end":{"line":25,"column":77}},"9":{"start":{"line":25,"column":30},"end":{"line":25,"column":77}},"10":{"start":{"line":26,"column":17},"end":{"line":34,"column":3}},"11":{"start":{"line":35,"column":2},"end":{"line":35,"column":27}},"12":{"start":{"line":39,"column":17},"end":{"line":42,"column":3}},"13":{"start":{"line":43,"column":2},"end":{"line":43,"column":76}},"14":{"start":{"line":43,"column":29},"end":{"line":43,"column":76}},"15":{"start":{"line":44,"column":2},"end":{"line":44,"column":27}},"16":{"start":{"line":47,"column":0},"end":{"line":47,"column":97}}},"fnMap":{"0":{"name":"getAllMedicamentos","decl":{"start":{"line":4,"column":15},"end":{"line":4,"column":33}},"loc":{"start":{"line":4,"column":44},"end":{"line":12,"column":1}},"line":4},"1":{"name":"addNewMedicamento","decl":{"start":{"line":14,"column":15},"end":{"line":14,"column":32}},"loc":{"start":{"line":14,"column":43},"end":{"line":21,"column":1}},"line":14},"2":{"name":"updateMedicamento","decl":{"start":{"line":23,"column":15},"end":{"line":23,"column":32}},"loc":{"start":{"line":23,"column":43},"end":{"line":36,"column":1}},"line":23},"3":{"name":"deleteMedicamento","decl":{"start":{"line":38,"column":15},"end":{"line":38,"column":32}},"loc":{"start":{"line":38,"column":43},"end":{"line":45,"column":1}},"line":38}},"branchMap":{"0":{"loc":{"start":{"line":5,"column":17},"end":{"line":5,"column":39}},"type":"binary-expr","locations":[{"start":{"line":5,"column":17},"end":{"line":5,"column":33}},{"start":{"line":5,"column":37},"end":{"line":5,"column":39}}],"line":5},"1":{"loc":{"start":{"line":18,"column":20},"end":{"line":18,"column":48}},"type":"binary-expr","locations":[{"start":{"line":18,"column":20},"end":{"line":18,"column":40}},{"start":{"line":18,"column":44},"end":{"line":18,"column":48}}],"line":18},"2":{"loc":{"start":{"line":25,"column":2},"end":{"line":25,"column":77}},"type":"if","locations":[{"start":{"line":25,"column":2},"end":{"line":25,"column":77}},{"start":{},"end":{}}],"line":25},"3":{"loc":{"start":{"line":30,"column":6},"end":{"line":30,"column":43}},"type":"binary-expr","locations":[{"start":{"line":30,"column":6},"end":{"line":30,"column":19}},{"start":{"line":30,"column":23},"end":{"line":30,"column":43}}],"line":30},"4":{"loc":{"start":{"line":31,"column":6},"end":{"line":31,"column":93}},"type":"cond-expr","locations":[{"start":{"line":31,"column":43},"end":{"line":31,"column":70}},{"start":{"line":31,"column":73},"end":{"line":31,"column":93}}],"line":31},"5":{"loc":{"start":{"line":43,"column":2},"end":{"line":43,"column":76}},"type":"if","locations":[{"start":{"line":43,"column":2},"end":{"line":43,"column":76}},{"start":{},"end":{}}],"line":43}},"s":{"0":2,"1":2,"2":2,"3":2,"4":2,"5":2,"6":2,"7":3,"8":3,"9":1,"10":2,"11":2,"12":2,"13":2,"14":1,"15":1,"16":2},"f":{"0":2,"1":2,"2":3,"3":2},"b":{"0":[2,1],"1":[2,1],"2":[1,2],"3":[2,1],"4":[1,1],"5":[1,1]},"_coverageSchema":"1a1c01bbd47fc00a2c39e90264f33305004495a9","hash":"02b0bfd34eb41051b857e8efb77d440053b541bc"}
,"/home/grimroot/Desktop/8voSemestre/Pruebas-Proyecto-1P/src/controllers/pacientes.controller.js": {"path":"/home/grimroot/Desktop/8voSemestre/Pruebas-Proyecto-1P/src/controllers/pacientes.controller.js","statementMap":{"0":{"start":{"line":1,"column":11},"end":{"line":1,"column":27}},"1":{"start":{"line":2,"column":18},"end":{"line":2,"column":48}},"2":{"start":{"line":4,"column":22},"end":{"line":7,"column":17}},"3":{"start":{"line":11,"column":2},"end":{"line":23,"column":3}},"4":{"start":{"line":12,"column":4},"end":{"line":12,"column":89}},"5":{"start":{"line":13,"column":9},"end":{"line":23,"column":3}},"6":{"start":{"line":14,"column":4},"end":{"line":20,"column":6}},"7":{"start":{"line":22,"column":4},"end":{"line":22,"column":60}},"8":{"start":{"line":24,"column":2},"end":{"line":24,"column":24}},"9":{"start":{"line":28,"column":17},"end":{"line":28,"column":80}},"10":{"start":{"line":29,"column":2},"end":{"line":29,"column":75}},"11":{"start":{"line":29,"column":29},"end":{"line":29,"column":75}},"12":{"start":{"line":30,"column":18},"end":{"line":30,"column":32}},"13":{"start":{"line":31,"column":2},"end":{"line":33,"column":3}},"14":{"start":{"line":32,"column":4},"end":{"line":32,"column":69}},"15":{"start":{"line":35,"column":18},"end":{"line":52,"column":3}},"16":{"start":{"line":53,"column":2},"end":{"line":53,"column":28}},"17":{"start":{"line":57,"column":17},"end":{"line":61,"column":3}},"18":{"start":{"line":62,"column":2},"end":{"line":62,"column":89}},"19":{"start":{"line":62,"column":27},"end":{"line":62,"column":89}},"20":{"start":{"line":63,"column":18},"end":{"line":63,"column":81}},"21":{"start":{"line":64,"column":2},"end":{"line":64,"column":76}},"22":{"start":{"line":64,"column":30},"end":{"line":64,"column":76}},"23":{"start":{"line":65,"column":2},"end":{"line":65,"column":79}},"24":{"start":{"line":66,"column":2},"end":{"line":66,"column":28}},"25":{"start":{"line":69,"column":0},"end":{"line":69,"column":66}}},"fnMap":{"0":{"name":"getAllPatients","decl":{"start":{"line":9,"column":15},"end":{"line":9,"column":29}},"loc":{"start":{"line":9,"column":40},"end":{"line":25,"column":1}},"line":9},"1":{"name":"updatePatient","decl":{"start":{"line":27,"column":15},"end":{"line":27,"column":28}},"loc":{"start":{"line":27,"column":39},"end":{"line":54,"column":1}},"line":27},"2":{"name":"deletePatient","decl":{"start":{"line":56,"column":15},"end":{"line":56,"column":28}},"loc":{"start":{"line":56,"column":39},"end":{"line":67,"column":1}},"line":56}},"branchMap":{"0":{"loc":{"start":{"line":11,"column":2},"end":{"line":23,"column":3}},"type":"if","locations":[{"start":{"line":11,"column":2},"end":{"line":23,"column":3}},{"start":{"line":13,"column":9},"end":{"line":23,"column":3}}],"line":11},"1":{"loc":{"start":{"line":13,"column":9},"end":{"line":23,"column":3}},"type":"if","locations":[{"start":{"line":13,"column":9},"end":{"line":23,"column":3}},{"start":{"line":21,"column":9},"end":{"line":23,"column":3}}],"line":13},"2":{"loc":{"start":{"line":29,"column":2},"end":{"line":29,"column":75}},"type":"if","locations":[{"start":{"line":29,"column":2},"end":{"line":29,"column":75}},{"start":{},"end":{}}],"line":29},"3":{"loc":{"start":{"line":31,"column":2},"end":{"line":33,"column":3}},"type":"if","locations":[{"start":{"line":31,"column":2},"end":{"line":33,"column":3}},{"start":{},"end":{}}],"line":31},"4":{"loc":{"start":{"line":31,"column":6},"end":{"line":31,"column":75}},"type":"binary-expr","locations":[{"start":{"line":31,"column":6},"end":{"line":31,"column":32}},{"start":{"line":31,"column":36},"end":{"line":31,"column":75}}],"line":31},"5":{"loc":{"start":{"line":62,"column":2},"end":{"line":62,"column":89}},"type":"if","locations":[{"start":{"line":62,"column":2},"end":{"line":62,"column":89}},{"start":{},"end":{}}],"line":62},"6":{"loc":{"start":{"line":64,"column":2},"end":{"line":64,"column":76}},"type":"if","locations":[{"start":{"line":64,"column":2},"end":{"line":64,"column":76}},{"start":{},"end":{}}],"line":64}},"s":{"0":2,"1":2,"2":2,"3":4,"4":1,"5":3,"6":2,"7":1,"8":4,"9":3,"10":3,"11":1,"12":2,"13":2,"14":1,"15":1,"16":1,"17":3,"18":3,"19":1,"20":2,"21":2,"22":1,"23":1,"24":1,"25":2},"f":{"0":4,"1":3,"2":3},"b":{"0":[1,3],"1":[2,1],"2":[1,2],"3":[1,1],"4":[2,2],"5":[1,2],"6":[1,1]},"_coverageSchema":"1a1c01bbd47fc00a2c39e90264f33305004495a9","hash":"e3c04209100f7b82330b5f4c3d6441564b471a72"}
,"/home/grimroot/Desktop/8voSemestre/Pruebas-Proyecto-1P/src/controllers/recetas.controller.js": {"path":"/home/grimroot/Desktop/8voSemestre/Pruebas-Proyecto-1P/src/controllers/recetas.controller.js","statementMap":{"0":{"start":{"line":1,"column":11},"end":{"line":1,"column":27}},"1":{"start":{"line":2,"column":18},"end":{"line":2,"column":48}},"2":{"start":{"line":3,"column":24},"end":{"line":3,"column":53}},"3":{"start":{"line":6,"column":18},"end":{"line":6,"column":45}},"4":{"start":{"line":7,"column":14},"end":{"line":7,"column":16}},"5":{"start":{"line":8,"column":15},"end":{"line":8,"column":17}},"6":{"start":{"line":9,"column":2},"end":{"line":15,"column":3}},"7":{"start":{"line":10,"column":4},"end":{"line":10,"column":38}},"8":{"start":{"line":11,"column":4},"end":{"line":11,"column":33}},"9":{"start":{"line":12,"column":9},"end":{"line":15,"column":3}},"10":{"start":{"line":13,"column":4},"end":{"line":13,"column":36}},"11":{"start":{"line":14,"column":4},"end":{"line":14,"column":32}},"12":{"start":{"line":16,"column":24},"end":{"line":24,"column":3}},"13":{"start":{"line":26,"column":2},"end":{"line":26,"column":56}},"14":{"start":{"line":26,"column":36},"end":{"line":26,"column":56}},"15":{"start":{"line":27,"column":14},"end":{"line":27,"column":55}},"16":{"start":{"line":27,"column":47},"end":{"line":27,"column":54}},"17":{"start":{"line":28,"column":23},"end":{"line":28,"column":71}},"18":{"start":{"line":28,"column":45},"end":{"line":28,"column":60}},"19":{"start":{"line":29,"column":16},"end":{"line":35,"column":3}},"20":{"start":{"line":36,"column":25},"end":{"line":36,"column":34}},"21":{"start":{"line":37,"column":2},"end":{"line":41,"column":3}},"22":{"start":{"line":38,"column":17},"end":{"line":38,"column":62}},"23":{"start":{"line":39,"column":4},"end":{"line":39,"column":20}},"24":{"start":{"line":40,"column":4},"end":{"line":40,"column":50}},"25":{"start":{"line":42,"column":2},"end":{"line":45,"column":7}},"26":{"start":{"line":42,"column":45},"end":{"line":45,"column":3}},"27":{"start":{"line":49,"column":18},"end":{"line":49,"column":45}},"28":{"start":{"line":50,"column":22},"end":{"line":53,"column":3}},"29":{"start":{"line":54,"column":2},"end":{"line":54,"column":84}},"30":{"start":{"line":54,"column":34},"end":{"line":54,"column":84}},"31":{"start":{"line":55,"column":18},"end":{"line":55,"column":37}},"32":{"start":{"line":56,"column":2},"end":{"line":58,"column":3}},"33":{"start":{"line":57,"column":4},"end":{"line":57,"column":85}},"34":{"start":{"line":59,"column":2},"end":{"line":61,"column":3}},"35":{"start":{"line":60,"column":4},"end":{"line":60,"column":72}},"36":{"start":{"line":63,"column":22},"end":{"line":63,"column":73}},"37":{"start":{"line":63,"column":57},"end":{"line":63,"column":72}},"38":{"start":{"line":64,"column":23},"end":{"line":64,"column":79}},"39":{"start":{"line":64,"column":53},"end":{"line":64,"column":68}},"40":{"start":{"line":65,"column":20},"end":{"line":68,"column":3}},"41":{"start":{"line":69,"column":2},"end":{"line":71,"column":3}},"42":{"start":{"line":70,"column":4},"end":{"line":70,"column":67}},"43":{"start":{"line":73,"column":23},"end":{"line":89,"column":4}},"44":{"start":{"line":74,"column":20},"end":{"line":79,"column":5}},"45":{"start":{"line":80,"column":4},"end":{"line":87,"column":5}},"46":{"start":{"line":81,"column":6},"end":{"line":86,"column":8}},"47":{"start":{"line":88,"column":4},"end":{"line":88,"column":27}},"48":{"start":{"line":90,"column":2},"end":{"line":90,"column":61}},"49":{"start":{"line":93,"column":0},"end":{"line":93,"column":58}}},"fnMap":{"0":{"name":"getPrescriptions","decl":{"start":{"line":5,"column":15},"end":{"line":5,"column":31}},"loc":{"start":{"line":5,"column":42},"end":{"line":46,"column":1}},"line":5},"1":{"name":"(anonymous_1)","decl":{"start":{"line":27,"column":37},"end":{"line":27,"column":38}},"loc":{"start":{"line":27,"column":47},"end":{"line":27,"column":54}},"line":27},"2":{"name":"(anonymous_2)","decl":{"start":{"line":28,"column":31},"end":{"line":28,"column":32}},"loc":{"start":{"line":28,"column":45},"end":{"line":28,"column":60}},"line":28},"3":{"name":"(anonymous_3)","decl":{"start":{"line":42,"column":34},"end":{"line":42,"column":35}},"loc":{"start":{"line":42,"column":45},"end":{"line":45,"column":3}},"line":42},"4":{"name":"createPrescription","decl":{"start":{"line":48,"column":15},"end":{"line":48,"column":33}},"loc":{"start":{"line":48,"column":44},"end":{"line":91,"column":1}},"line":48},"5":{"name":"(anonymous_5)","decl":{"start":{"line":63,"column":47},"end":{"line":63,"column":48}},"loc":{"start":{"line":63,"column":57},"end":{"line":63,"column":72}},"line":63},"6":{"name":"(anonymous_6)","decl":{"start":{"line":64,"column":39},"end":{"line":64,"column":40}},"loc":{"start":{"line":64,"column":53},"end":{"line":64,"column":68}},"line":64},"7":{"name":"(anonymous_7)","decl":{"start":{"line":73,"column":44},"end":{"line":73,"column":45}},"loc":{"start":{"line":73,"column":62},"end":{"line":89,"column":3}},"line":73}},"branchMap":{"0":{"loc":{"start":{"line":9,"column":2},"end":{"line":15,"column":3}},"type":"if","locations":[{"start":{"line":9,"column":2},"end":{"line":15,"column":3}},{"start":{"line":12,"column":9},"end":{"line":15,"column":3}}],"line":9},"1":{"loc":{"start":{"line":12,"column":9},"end":{"line":15,"column":3}},"type":"if","locations":[{"start":{"line":12,"column":9},"end":{"line":15,"column":3}},{"start":{},"end":{}}],"line":12},"2":{"loc":{"start":{"line":26,"column":2},"end":{"line":26,"column":56}},"type":"if","locations":[{"start":{"line":26,"column":2},"end":{"line":26,"column":56}},{"start":{},"end":{}}],"line":26},"3":{"loc":{"start":{"line":38,"column":17},"end":{"line":38,"column":62}},"type":"binary-expr","locations":[{"start":{"line":38,"column":17},"end":{"line":38,"column":56}},{"start":{"line":38,"column":60},"end":{"line":38,"column":62}}],"line":38},"4":{"loc":{"start":{"line":54,"column":2},"end":{"line":54,"column":84}},"type":"if","locations":[{"start":{"line":54,"column":2},"end":{"line":54,"column":84}},{"start":{},"end":{}}],"line":54},"5":{"loc":{"start":{"line":56,"column":2},"end":{"line":58,"column":3}},"type":"if","locations":[{"start":{"line":56,"column":2},"end":{"line":58,"column":3}},{"start":{},"end":{}}],"line":56},"6":{"loc":{"start":{"line":59,"column":2},"end":{"line":61,"column":3}},"type":"if","locations":[{"start":{"line":59,"column":2},"end":{"line":61,"column":3}},{"start":{},"end":{}}],"line":59},"7":{"loc":{"start":{"line":69,"column":2},"end":{"line":71,"column":3}},"type":"if","locations":[{"start":{"line":69,"column":2},"end":{"line":71,"column":3}},{"start":{},"end":{}}],"line":69}},"s":{"0":2,"1":2,"2":2,"3":4,"4":4,"5":4,"6":4,"7":2,"8":2,"9":2,"10":1,"11":1,"12":4,"13":4,"14":1,"15":3,"16":3,"17":3,"18":3,"19":3,"20":3,"21":3,"22":3,"23":3,"24":3,"25":3,"26":3,"27":5,"28":5,"29":5,"30":1,"31":4,"32":4,"33":1,"34":3,"35":1,"36":2,"37":2,"38":2,"39":2,"40":2,"41":2,"42":1,"43":1,"44":1,"45":1,"46":1,"47":1,"48":1,"49":2},"f":{"0":4,"1":3,"2":3,"3":3,"4":5,"5":2,"6":2,"7":1},"b":{"0":[2,2],"1":[1,1],"2":[1,3],"3":[3,3],"4":[1,4],"5":[1,3],"6":[1,2],"7":[1,1]},"_coverageSchema":"1a1c01bbd47fc00a2c39e90264f33305004495a9","hash":"f1617a1e977cb984c533bd760b0e05498ad117a9"}
,"/home/grimroot/Desktop/8voSemestre/Pruebas-Proyecto-1P/src/middleware/async-handler.js": {"path":"/home/grimroot/Desktop/8voSemestre/Pruebas-Proyecto-1P/src/middleware/async-handler.js","statementMap":{"0":{"start":{"line":1,"column":0},"end":{"line":3,"column":2}},"1":{"start":{"line":2,"column":2},"end":{"line":2,"column":82}},"2":{"start":{"line":2,"column":29},"end":{"line":2,"column":81}}},"fnMap":{"0":{"name":"asyncHandler","decl":{"start":{"line":1,"column":26},"end":{"line":1,"column":38}},"loc":{"start":{"line":1,"column":48},"end":{"line":3,"column":1}},"line":1},"1":{"name":"(anonymous_1)","decl":{"start":{"line":2,"column":9},"end":{"line":2,"column":10}},"loc":{"start":{"line":2,"column":29},"end":{"line":2,"column":81}},"line":2}},"branchMap":{},"s":{"0":2,"1":52,"2":84},"f":{"0":52,"1":84},"b":{},"_coverageSchema":"1a1c01bbd47fc00a2c39e90264f33305004495a9","hash":"f4dd12db11797b527943981c85655693838ab6db"}
,"/home/grimroot/Desktop/8voSemestre/Pruebas-Proyecto-1P/src/middleware/auth.js": {"path":"/home/grimroot/Desktop/8voSemestre/Pruebas-Proyecto-1P/src/middleware/auth.js","statementMap":{"0":{"start":{"line":1,"column":12},"end":{"line":1,"column":35}},"1":{"start":{"line":4,"column":17},"end":{"line":4,"column":39}},"2":{"start":{"line":5,"column":2},"end":{"line":7,"column":3}},"3":{"start":{"line":6,"column":4},"end":{"line":6,"column":84}},"4":{"start":{"line":8,"column":2},"end":{"line":8,"column":61}},"5":{"start":{"line":12,"column":24},"end":{"line":12,"column":54}},"6":{"start":{"line":13,"column":26},"end":{"line":13,"column":50}},"7":{"start":{"line":15,"column":2},"end":{"line":17,"column":3}},"8":{"start":{"line":16,"column":4},"end":{"line":16,"column":72}},"9":{"start":{"line":19,"column":2},"end":{"line":24,"column":3}},"10":{"start":{"line":20,"column":4},"end":{"line":20,"column":73}},"11":{"start":{"line":21,"column":4},"end":{"line":21,"column":18}},"12":{"start":{"line":23,"column":4},"end":{"line":23,"column":73}},"13":{"start":{"line":28,"column":2},"end":{"line":33,"column":4}},"14":{"start":{"line":29,"column":4},"end":{"line":31,"column":5}},"15":{"start":{"line":30,"column":6},"end":{"line":30,"column":75}},"16":{"start":{"line":32,"column":4},"end":{"line":32,"column":18}},"17":{"start":{"line":37,"column":2},"end":{"line":41,"column":4}},"18":{"start":{"line":44,"column":0},"end":{"line":44,"column":67}}},"fnMap":{"0":{"name":"jwtSecret","decl":{"start":{"line":3,"column":9},"end":{"line":3,"column":18}},"loc":{"start":{"line":3,"column":21},"end":{"line":9,"column":1}},"line":3},"1":{"name":"authenticate","decl":{"start":{"line":11,"column":9},"end":{"line":11,"column":21}},"loc":{"start":{"line":11,"column":38},"end":{"line":25,"column":1}},"line":11},"2":{"name":"authorize","decl":{"start":{"line":27,"column":9},"end":{"line":27,"column":18}},"loc":{"start":{"line":27,"column":29},"end":{"line":34,"column":1}},"line":27},"3":{"name":"(anonymous_3)","decl":{"start":{"line":28,"column":9},"end":{"line":28,"column":10}},"loc":{"start":{"line":28,"column":29},"end":{"line":33,"column":3}},"line":28},"4":{"name":"signToken","decl":{"start":{"line":36,"column":9},"end":{"line":36,"column":18}},"loc":{"start":{"line":36,"column":25},"end":{"line":42,"column":1}},"line":36}},"branchMap":{"0":{"loc":{"start":{"line":5,"column":2},"end":{"line":7,"column":3}},"type":"if","locations":[{"start":{"line":5,"column":2},"end":{"line":7,"column":3}},{"start":{},"end":{}}],"line":5},"1":{"loc":{"start":{"line":5,"column":6},"end":{"line":5,"column":78}},"type":"binary-expr","locations":[{"start":{"line":5,"column":6},"end":{"line":5,"column":43}},{"start":{"line":5,"column":48},"end":{"line":5,"column":55}},{"start":{"line":5,"column":59},"end":{"line":5,"column":77}}],"line":5},"2":{"loc":{"start":{"line":8,"column":9},"end":{"line":8,"column":60}},"type":"binary-expr","locations":[{"start":{"line":8,"column":9},"end":{"line":8,"column":15}},{"start":{"line":8,"column":19},"end":{"line":8,"column":60}}],"line":8},"3":{"loc":{"start":{"line":12,"column":24},"end":{"line":12,"column":54}},"type":"binary-expr","locations":[{"start":{"line":12,"column":24},"end":{"line":12,"column":48}},{"start":{"line":12,"column":52},"end":{"line":12,"column":54}}],"line":12},"4":{"loc":{"start":{"line":15,"column":2},"end":{"line":17,"column":3}},"type":"if","locations":[{"start":{"line":15,"column":2},"end":{"line":17,"column":3}},{"start":{},"end":{}}],"line":15},"5":{"loc":{"start":{"line":15,"column":6},"end":{"line":15,"column":35}},"type":"binary-expr","locations":[{"start":{"line":15,"column":6},"end":{"line":15,"column":25}},{"start":{"line":15,"column":29},"end":{"line":15,"column":35}}],"line":15},"6":{"loc":{"start":{"line":29,"column":4},"end":{"line":31,"column":5}},"type":"if","locations":[{"start":{"line":29,"column":4},"end":{"line":31,"column":5}},{"start":{},"end":{}}],"line":29},"7":{"loc":{"start":{"line":40,"column":37},"end":{"line":40,"column":71}},"type":"binary-expr","locations":[{"start":{"line":40,"column":37},"end":{"line":40,"column":63}},{"start":{"line":40,"column":67},"end":{"line":40,"column":71}}],"line":40}},"s":{"0":2,"1":88,"2":88,"3":1,"4":87,"5":82,"6":82,"7":82,"8":2,"9":80,"10":80,"11":79,"12":1,"13":31,"14":57,"15":5,"16":52,"17":6,"18":2},"f":{"0":88,"1":82,"2":31,"3":57,"4":6},"b":{"0":[1,87],"1":[88,1,1],"2":[87,1],"3":[82,1],"4":[2,80],"5":[82,80],"6":[5,52],"7":[6,6]},"_coverageSchema":"1a1c01bbd47fc00a2c39e90264f33305004495a9","hash":"0b3b5f69e7a97191ecc86329901b2db18a69e4aa"}
,"/home/grimroot/Desktop/8voSemestre/Pruebas-Proyecto-1P/src/middleware/error-handler.js": {"path":"/home/grimroot/Desktop/8voSemestre/Pruebas-Proyecto-1P/src/middleware/error-handler.js","statementMap":{"0":{"start":{"line":2,"column":2},"end":{"line":2,"column":59}},"1":{"start":{"line":6,"column":2},"end":{"line":6,"column":42}},"2":{"start":{"line":6,"column":23},"end":{"line":6,"column":42}},"3":{"start":{"line":8,"column":2},"end":{"line":10,"column":3}},"4":{"start":{"line":9,"column":4},"end":{"line":9,"column":69}},"5":{"start":{"line":12,"column":2},"end":{"line":14,"column":3}},"6":{"start":{"line":13,"column":4},"end":{"line":13,"column":90}},"7":{"start":{"line":16,"column":2},"end":{"line":18,"column":3}},"8":{"start":{"line":17,"column":4},"end":{"line":17,"column":96}},"9":{"start":{"line":20,"column":2},"end":{"line":20,"column":68}},"10":{"start":{"line":23,"column":0},"end":{"line":23,"column":44}}},"fnMap":{"0":{"name":"notFound","decl":{"start":{"line":1,"column":9},"end":{"line":1,"column":17}},"loc":{"start":{"line":1,"column":28},"end":{"line":3,"column":1}},"line":1},"1":{"name":"errorHandler","decl":{"start":{"line":5,"column":9},"end":{"line":5,"column":21}},"loc":{"start":{"line":5,"column":45},"end":{"line":21,"column":1}},"line":5}},"branchMap":{"0":{"loc":{"start":{"line":6,"column":2},"end":{"line":6,"column":42}},"type":"if","locations":[{"start":{"line":6,"column":2},"end":{"line":6,"column":42}},{"start":{},"end":{}}],"line":6},"1":{"loc":{"start":{"line":8,"column":2},"end":{"line":10,"column":3}},"type":"if","locations":[{"start":{"line":8,"column":2},"end":{"line":10,"column":3}},{"start":{},"end":{}}],"line":8},"2":{"loc":{"start":{"line":12,"column":2},"end":{"line":14,"column":3}},"type":"if","locations":[{"start":{"line":12,"column":2},"end":{"line":14,"column":3}},{"start":{},"end":{}}],"line":12},"3":{"loc":{"start":{"line":16,"column":2},"end":{"line":18,"column":3}},"type":"if","locations":[{"start":{"line":16,"column":2},"end":{"line":18,"column":3}},{"start":{},"end":{}}],"line":16}},"s":{"0":1,"1":41,"2":1,"3":40,"4":36,"5":4,"6":2,"7":2,"8":1,"9":1,"10":2},"f":{"0":1,"1":41},"b":{"0":[1,40],"1":[36,4],"2":[2,2],"3":[1,1]},"_coverageSchema":"1a1c01bbd47fc00a2c39e90264f33305004495a9","hash":"f239a17484f07ac49a3358ed10207e06f300fe70"}
,"/home/grimroot/Desktop/8voSemestre/Pruebas-Proyecto-1P/src/middleware/validate.js": {"path":"/home/grimroot/Desktop/8voSemestre/Pruebas-Proyecto-1P/src/middleware/validate.js","statementMap":{"0":{"start":{"line":1,"column":0},"end":{"line":23,"column":2}},"1":{"start":{"line":2,"column":2},"end":{"line":22,"column":4}},"2":{"start":{"line":3,"column":19},"end":{"line":3,"column":21}},"3":{"start":{"line":5,"column":4},"end":{"line":16,"column":5}},"4":{"start":{"line":6,"column":6},"end":{"line":6,"column":34}},"5":{"start":{"line":6,"column":25},"end":{"line":6,"column":34}},"6":{"start":{"line":7,"column":21},"end":{"line":7,"column":53}},"7":{"start":{"line":8,"column":6},"end":{"line":15,"column":7}},"8":{"start":{"line":9,"column":8},"end":{"line":9,"column":31}},"9":{"start":{"line":11,"column":8},"end":{"line":14,"column":13}},"10":{"start":{"line":11,"column":59},"end":{"line":14,"column":9}},"11":{"start":{"line":18,"column":4},"end":{"line":20,"column":5}},"12":{"start":{"line":19,"column":6},"end":{"line":19,"column":76}},"13":{"start":{"line":21,"column":4},"end":{"line":21,"column":18}}},"fnMap":{"0":{"name":"validate","decl":{"start":{"line":1,"column":26},"end":{"line":1,"column":34}},"loc":{"start":{"line":1,"column":44},"end":{"line":23,"column":1}},"line":1},"1":{"name":"(anonymous_1)","decl":{"start":{"line":2,"column":9},"end":{"line":2,"column":10}},"loc":{"start":{"line":2,"column":29},"end":{"line":22,"column":3}},"line":2},"2":{"name":"(anonymous_2)","decl":{"start":{"line":11,"column":47},"end":{"line":11,"column":48}},"loc":{"start":{"line":11,"column":59},"end":{"line":14,"column":9}},"line":11}},"branchMap":{"0":{"loc":{"start":{"line":6,"column":6},"end":{"line":6,"column":34}},"type":"if","locations":[{"start":{"line":6,"column":6},"end":{"line":6,"column":34}},{"start":{},"end":{}}],"line":6},"1":{"loc":{"start":{"line":8,"column":6},"end":{"line":15,"column":7}},"type":"if","locations":[{"start":{"line":8,"column":6},"end":{"line":15,"column":7}},{"start":{"line":10,"column":13},"end":{"line":15,"column":7}}],"line":8},"2":{"loc":{"start":{"line":18,"column":4},"end":{"line":20,"column":5}},"type":"if","locations":[{"start":{"line":18,"column":4},"end":{"line":20,"column":5}},{"start":{},"end":{}}],"line":18}},"s":{"0":2,"1":34,"2":69,"3":69,"4":207,"5":117,"6":90,"7":90,"8":85,"9":5,"10":14,"11":69,"12":5,"13":64},"f":{"0":34,"1":69,"2":14},"b":{"0":[117,90],"1":[85,5],"2":[5,64]},"_coverageSchema":"1a1c01bbd47fc00a2c39e90264f33305004495a9","hash":"9a5602e96d81898ca5a09b4b13b136066c121183"}
,"/home/grimroot/Desktop/8voSemestre/Pruebas-Proyecto-1P/src/routes/admin.routes.js": {"path":"/home/grimroot/Desktop/8voSemestre/Pruebas-Proyecto-1P/src/routes/admin.routes.js","statementMap":{"0":{"start":{"line":1,"column":16},"end":{"line":1,"column":34}},"1":{"start":{"line":2,"column":20},"end":{"line":2,"column":62}},"2":{"start":{"line":3,"column":21},"end":{"line":3,"column":59}},"3":{"start":{"line":5,"column":15},"end":{"line":5,"column":31}},"4":{"start":{"line":6,"column":0},"end":{"line":6,"column":46}},"5":{"start":{"line":8,"column":0},"end":{"line":8,"column":24}}},"fnMap":{},"branchMap":{},"s":{"0":2,"1":2,"2":2,"3":2,"4":2,"5":2},"f":{},"b":{},"_coverageSchema":"1a1c01bbd47fc00a2c39e90264f33305004495a9","hash":"c4def7507d411f46f1d207f713dc2946ff058814"}
,"/home/grimroot/Desktop/8voSemestre/Pruebas-Proyecto-1P/src/routes/auth.routes.js": {"path":"/home/grimroot/Desktop/8voSemestre/Pruebas-Proyecto-1P/src/routes/auth.routes.js","statementMap":{"0":{"start":{"line":1,"column":16},"end":{"line":1,"column":34}},"1":{"start":{"line":2,"column":18},"end":{"line":2,"column":47}},"2":{"start":{"line":3,"column":32},"end":{"line":3,"column":73}},"3":{"start":{"line":4,"column":21},"end":{"line":4,"column":59}},"4":{"start":{"line":5,"column":25},"end":{"line":5,"column":54}},"5":{"start":{"line":6,"column":17},"end":{"line":6,"column":50}},"6":{"start":{"line":7,"column":16},"end":{"line":7,"column":48}},"7":{"start":{"line":9,"column":15},"end":{"line":9,"column":31}},"8":{"start":{"line":10,"column":20},"end":{"line":16,"column":2}},"9":{"start":{"line":18,"column":0},"end":{"line":18,"column":100}},"10":{"start":{"line":19,"column":0},"end":{"line":19,"column":91}},"11":{"start":{"line":20,"column":0},"end":{"line":20,"column":50}},"12":{"start":{"line":22,"column":0},"end":{"line":22,"column":24}}},"fnMap":{},"branchMap":{},"s":{"0":2,"1":2,"2":2,"3":2,"4":2,"5":2,"6":2,"7":2,"8":2,"9":2,"10":2,"11":2,"12":2},"f":{},"b":{},"_coverageSchema":"1a1c01bbd47fc00a2c39e90264f33305004495a9","hash":"8437ac75726bcd5daa50a60dd1d897406ca03731"}
,"/home/grimroot/Desktop/8voSemestre/Pruebas-Proyecto-1P/src/routes/citas.routes.js": {"path":"/home/grimroot/Desktop/8voSemestre/Pruebas-Proyecto-1P/src/routes/citas.routes.js","statementMap":{"0":{"start":{"line":1,"column":16},"end":{"line":1,"column":34}},"1":{"start":{"line":2,"column":19},"end":{"line":2,"column":61}},"2":{"start":{"line":3,"column":21},"end":{"line":3,"column":59}},"3":{"start":{"line":4,"column":22},"end":{"line":4,"column":51}},"4":{"start":{"line":5,"column":17},"end":{"line":5,"column":50}},"5":{"start":{"line":6,"column":16},"end":{"line":6,"column":48}},"6":{"start":{"line":8,"column":15},"end":{"line":8,"column":31}},"7":{"start":{"line":9,"column":0},"end":{"line":9,"column":58}},"8":{"start":{"line":10,"column":0},"end":{"line":10,"column":138}},"9":{"start":{"line":11,"column":0},"end":{"line":11,"column":138}},"10":{"start":{"line":13,"column":0},"end":{"line":13,"column":24}}},"fnMap":{},"branchMap":{},"s":{"0":2,"1":2,"2":2,"3":2,"4":2,"5":2,"6":2,"7":2,"8":2,"9":2,"10":2},"f":{},"b":{},"_coverageSchema":"1a1c01bbd47fc00a2c39e90264f33305004495a9","hash":"e7cc9926ba22ad4c4dcfe49923ea8e62b2fa5faa"}
,"/home/grimroot/Desktop/8voSemestre/Pruebas-Proyecto-1P/src/routes/doctores.routes.js": {"path":"/home/grimroot/Desktop/8voSemestre/Pruebas-Proyecto-1P/src/routes/doctores.routes.js","statementMap":{"0":{"start":{"line":1,"column":16},"end":{"line":1,"column":34}},"1":{"start":{"line":2,"column":19},"end":{"line":2,"column":64}},"2":{"start":{"line":3,"column":21},"end":{"line":3,"column":59}},"3":{"start":{"line":4,"column":22},"end":{"line":4,"column":51}},"4":{"start":{"line":5,"column":17},"end":{"line":5,"column":50}},"5":{"start":{"line":6,"column":16},"end":{"line":6,"column":48}},"6":{"start":{"line":8,"column":15},"end":{"line":8,"column":31}},"7":{"start":{"line":9,"column":0},"end":{"line":9,"column":56}},"8":{"start":{"line":10,"column":0},"end":{"line":10,"column":118}},"9":{"start":{"line":11,"column":0},"end":{"line":11,"column":146}},"10":{"start":{"line":12,"column":0},"end":{"line":12,"column":121}},"11":{"start":{"line":14,"column":0},"end":{"line":14,"column":24}}},"fnMap":{},"branchMap":{},"s":{"0":2,"1":2,"2":2,"3":2,"4":2,"5":2,"6":2,"7":2,"8":2,"9":2,"10":2,"11":2},"f":{},"b":{},"_coverageSchema":"1a1c01bbd47fc00a2c39e90264f33305004495a9","hash":"174da13feb320f0df7c4b192f3a58b9072665049"}
,"/home/grimroot/Desktop/8voSemestre/Pruebas-Proyecto-1P/src/routes/especialidades.routes.js": {"path":"/home/grimroot/Desktop/8voSemestre/Pruebas-Proyecto-1P/src/routes/especialidades.routes.js","statementMap":{"0":{"start":{"line":1,"column":16},"end":{"line":1,"column":34}},"1":{"start":{"line":2,"column":19},"end":{"line":2,"column":70}},"2":{"start":{"line":3,"column":21},"end":{"line":3,"column":59}},"3":{"start":{"line":4,"column":22},"end":{"line":4,"column":51}},"4":{"start":{"line":5,"column":17},"end":{"line":5,"column":50}},"5":{"start":{"line":6,"column":16},"end":{"line":6,"column":48}},"6":{"start":{"line":8,"column":15},"end":{"line":8,"column":31}},"7":{"start":{"line":9,"column":0},"end":{"line":9,"column":60}},"8":{"start":{"line":10,"column":0},"end":{"line":10,"column":118}},"9":{"start":{"line":11,"column":0},"end":{"line":11,"column":146}},"10":{"start":{"line":12,"column":0},"end":{"line":12,"column":124}},"11":{"start":{"line":14,"column":0},"end":{"line":14,"column":24}}},"fnMap":{},"branchMap":{},"s":{"0":2,"1":2,"2":2,"3":2,"4":2,"5":2,"6":2,"7":2,"8":2,"9":2,"10":2,"11":2},"f":{},"b":{},"_coverageSchema":"1a1c01bbd47fc00a2c39e90264f33305004495a9","hash":"c0a1a4f0dee12252305808614bcd506084298268"}
,"/home/grimroot/Desktop/8voSemestre/Pruebas-Proyecto-1P/src/routes/medicamentos.routes.js": {"path":"/home/grimroot/Desktop/8voSemestre/Pruebas-Proyecto-1P/src/routes/medicamentos.routes.js","statementMap":{"0":{"start":{"line":1,"column":16},"end":{"line":1,"column":34}},"1":{"start":{"line":2,"column":19},"end":{"line":2,"column":68}},"2":{"start":{"line":3,"column":21},"end":{"line":3,"column":59}},"3":{"start":{"line":4,"column":22},"end":{"line":4,"column":51}},"4":{"start":{"line":5,"column":17},"end":{"line":5,"column":50}},"5":{"start":{"line":6,"column":16},"end":{"line":6,"column":48}},"6":{"start":{"line":8,"column":15},"end":{"line":8,"column":31}},"7":{"start":{"line":9,"column":0},"end":{"line":9,"column":135}},"8":{"start":{"line":10,"column":0},"end":{"line":10,"column":119}},"9":{"start":{"line":11,"column":0},"end":{"line":11,"column":153}},"10":{"start":{"line":12,"column":0},"end":{"line":12,"column":126}},"11":{"start":{"line":14,"column":0},"end":{"line":14,"column":24}}},"fnMap":{},"branchMap":{},"s":{"0":2,"1":2,"2":2,"3":2,"4":2,"5":2,"6":2,"7":2,"8":2,"9":2,"10":2,"11":2},"f":{},"b":{},"_coverageSchema":"1a1c01bbd47fc00a2c39e90264f33305004495a9","hash":"6b050e320e161f6e2b5ff0241bd4933ff6024648"}
,"/home/grimroot/Desktop/8voSemestre/Pruebas-Proyecto-1P/src/routes/pacientes.routes.js": {"path":"/home/grimroot/Desktop/8voSemestre/Pruebas-Proyecto-1P/src/routes/pacientes.routes.js","statementMap":{"0":{"start":{"line":1,"column":16},"end":{"line":1,"column":34}},"1":{"start":{"line":2,"column":19},"end":{"line":2,"column":65}},"2":{"start":{"line":3,"column":21},"end":{"line":3,"column":59}},"3":{"start":{"line":4,"column":22},"end":{"line":4,"column":51}},"4":{"start":{"line":5,"column":17},"end":{"line":5,"column":50}},"5":{"start":{"line":6,"column":16},"end":{"line":6,"column":48}},"6":{"start":{"line":8,"column":15},"end":{"line":8,"column":31}},"7":{"start":{"line":9,"column":0},"end":{"line":9,"column":57}},"8":{"start":{"line":10,"column":0},"end":{"line":10,"column":158}},"9":{"start":{"line":11,"column":0},"end":{"line":11,"column":122}},"10":{"start":{"line":13,"column":0},"end":{"line":13,"column":24}}},"fnMap":{},"branchMap":{},"s":{"0":2,"1":2,"2":2,"3":2,"4":2,"5":2,"6":2,"7":2,"8":2,"9":2,"10":2},"f":{},"b":{},"_coverageSchema":"1a1c01bbd47fc00a2c39e90264f33305004495a9","hash":"f7c667877ce0aad7b8bc6889552365af073b6eaa"}
,"/home/grimroot/Desktop/8voSemestre/Pruebas-Proyecto-1P/src/routes/recetas.routes.js": {"path":"/home/grimroot/Desktop/8voSemestre/Pruebas-Proyecto-1P/src/routes/recetas.routes.js","statementMap":{"0":{"start":{"line":1,"column":16},"end":{"line":1,"column":34}},"1":{"start":{"line":2,"column":19},"end":{"line":2,"column":63}},"2":{"start":{"line":3,"column":21},"end":{"line":3,"column":59}},"3":{"start":{"line":4,"column":22},"end":{"line":4,"column":51}},"4":{"start":{"line":5,"column":17},"end":{"line":5,"column":50}},"5":{"start":{"line":6,"column":16},"end":{"line":6,"column":48}},"6":{"start":{"line":8,"column":15},"end":{"line":8,"column":31}},"7":{"start":{"line":9,"column":0},"end":{"line":9,"column":59}},"8":{"start":{"line":10,"column":0},"end":{"line":10,"column":131}},"9":{"start":{"line":12,"column":0},"end":{"line":12,"column":24}}},"fnMap":{},"branchMap":{},"s":{"0":2,"1":2,"2":2,"3":2,"4":2,"5":2,"6":2,"7":2,"8":2,"9":2},"f":{},"b":{},"_coverageSchema":"1a1c01bbd47fc00a2c39e90264f33305004495a9","hash":"c61ddc5673373af897b1e5ed5d5df00813cd8dd0"}
,"/home/grimroot/Desktop/8voSemestre/Pruebas-Proyecto-1P/src/utils/http-error.js": {"path":"/home/grimroot/Desktop/8voSemestre/Pruebas-Proyecto-1P/src/utils/http-error.js","statementMap":{"0":{"start":{"line":3,"column":4},"end":{"line":3,"column":19}},"1":{"start":{"line":4,"column":4},"end":{"line":4,"column":28}},"2":{"start":{"line":5,"column":4},"end":{"line":5,"column":25}},"3":{"start":{"line":9,"column":0},"end":{"line":9,"column":27}}},"fnMap":{"0":{"name":"(anonymous_0)","decl":{"start":{"line":2,"column":2},"end":{"line":2,"column":3}},"loc":{"start":{"line":2,"column":31},"end":{"line":6,"column":3}},"line":2}},"branchMap":{},"s":{"0":37,"1":37,"2":37,"3":2},"f":{"0":37},"b":{},"_coverageSchema":"1a1c01bbd47fc00a2c39e90264f33305004495a9","hash":"25a9f40e52766350e4ae2d6d1baf434bc31d400c"}
,"/home/grimroot/Desktop/8voSemestre/Pruebas-Proyecto-1P/src/validation/schemas.js": {"path":"/home/grimroot/Desktop/8voSemestre/Pruebas-Proyecto-1P/src/validation/schemas.js","statementMap":{"0":{"start":{"line":1,"column":14},"end":{"line":1,"column":28}},"1":{"start":{"line":3,"column":13},"end":{"line":4,"column":102}},"2":{"start":{"line":5,"column":14},"end":{"line":5,"column":62}},"3":{"start":{"line":6,"column":14},"end":{"line":6,"column":107}},"4":{"start":{"line":7,"column":17},"end":{"line":11,"column":60}},"5":{"start":{"line":12,"column":17},"end":{"line":12,"column":69}},"6":{"start":{"line":13,"column":19},"end":{"line":13,"column":45}},"7":{"start":{"line":14,"column":22},"end":{"line":16,"column":11}},"8":{"start":{"line":18,"column":17},"end":{"line":26,"column":11}},"9":{"start":{"line":28,"column":14},"end":{"line":28,"column":79}},"10":{"start":{"line":30,"column":21},"end":{"line":38,"column":11}},"11":{"start":{"line":40,"column":21},"end":{"line":41,"column":85}},"12":{"start":{"line":41,"column":21},"end":{"line":41,"column":50}},"13":{"start":{"line":43,"column":18},"end":{"line":47,"column":11}},"14":{"start":{"line":49,"column":17},"end":{"line":53,"column":11}},"15":{"start":{"line":55,"column":23},"end":{"line":58,"column":1}},"16":{"start":{"line":56,"column":13},"end":{"line":56,"column":42}},"17":{"start":{"line":60,"column":22},"end":{"line":67,"column":94}},"18":{"start":{"line":67,"column":30},"end":{"line":67,"column":59}},"19":{"start":{"line":69,"column":26},"end":{"line":74,"column":11}},"20":{"start":{"line":76,"column":26},"end":{"line":79,"column":11}},"21":{"start":{"line":81,"column":27},"end":{"line":96,"column":2}},"22":{"start":{"line":92,"column":14},"end":{"line":92,"column":62}},"23":{"start":{"line":92,"column":46},"end":{"line":92,"column":61}},"24":{"start":{"line":93,"column":2},"end":{"line":95,"column":3}},"25":{"start":{"line":94,"column":4},"end":{"line":94,"column":107}},"26":{"start":{"line":98,"column":0},"end":{"line":113,"column":2}}},"fnMap":{"0":{"name":"(anonymous_0)","decl":{"start":{"line":41,"column":10},"end":{"line":41,"column":11}},"loc":{"start":{"line":41,"column":21},"end":{"line":41,"column":50}},"line":41},"1":{"name":"(anonymous_1)","decl":{"start":{"line":56,"column":2},"end":{"line":56,"column":3}},"loc":{"start":{"line":56,"column":13},"end":{"line":56,"column":42}},"line":56},"2":{"name":"(anonymous_2)","decl":{"start":{"line":67,"column":19},"end":{"line":67,"column":20}},"loc":{"start":{"line":67,"column":30},"end":{"line":67,"column":59}},"line":67},"3":{"name":"(anonymous_3)","decl":{"start":{"line":91,"column":24},"end":{"line":91,"column":25}},"loc":{"start":{"line":91,"column":44},"end":{"line":96,"column":1}},"line":91},"4":{"name":"(anonymous_4)","decl":{"start":{"line":92,"column":36},"end":{"line":92,"column":37}},"loc":{"start":{"line":92,"column":46},"end":{"line":92,"column":61}},"line":92}},"branchMap":{"0":{"loc":{"start":{"line":93,"column":2},"end":{"line":95,"column":3}},"type":"if","locations":[{"start":{"line":93,"column":2},"end":{"line":95,"column":3}},{"start":{},"end":{}}],"line":93}},"s":{"0":2,"1":2,"2":2,"3":2,"4":2,"5":2,"6":2,"7":2,"8":2,"9":2,"10":2,"11":2,"12":4,"13":2,"14":2,"15":2,"16":4,"17":2,"18":3,"19":2,"20":2,"21":2,"22":6,"23":7,"24":6,"25":1,"26":2},"f":{"0":4,"1":4,"2":3,"3":6,"4":7},"b":{"0":[1,5]},"_coverageSchema":"1a1c01bbd47fc00a2c39e90264f33305004495a9","hash":"751c504eb707bd584addddc021fdc8ab33d2b1b1"}
}
