TN:
SF:src/app.js
FN:36,(anonymous_0)
FN:38,(anonymous_1)
FN:60,(anonymous_2)
FN:72,(anonymous_3)
FNF:4
FNH:4
FNDA:4,(anonymous_0)
FNDA:99,(anonymous_1)
FNDA:1,(anonymous_2)
FNDA:2,(anonymous_3)
DA:1,2
DA:2,2
DA:3,2
DA:4,2
DA:5,2
DA:6,2
DA:7,2
DA:8,2
DA:9,2
DA:10,2
DA:11,2
DA:12,2
DA:13,2
DA:14,2
DA:16,2
DA:17,2
DA:18,2
DA:19,2
DA:34,2
DA:35,2
DA:36,4
DA:38,2
DA:39,99
DA:40,99
DA:41,1
DA:43,98
DA:44,98
DA:45,98
DA:46,98
DA:47,98
DA:48,97
DA:51,2
DA:52,2
DA:60,2
DA:61,2
DA:62,2
DA:63,2
DA:64,2
DA:65,2
DA:66,2
DA:67,2
DA:68,2
DA:70,2
DA:71,2
DA:72,2
DA:73,2
DA:74,1
DA:76,2
DA:77,2
DA:79,2
LF:50
LH:50
BRDA:35,0,0,2
BRDA:35,0,1,2
BRDA:40,1,0,1
BRDA:40,1,1,98
BRDA:40,2,0,99
BRDA:40,2,1,2
BRDA:43,3,0,1
BRDA:43,3,1,97
BRDA:47,4,0,1
BRDA:47,4,1,97
BRDA:73,5,0,1
BRDA:73,5,1,1
BRF:12
BRH:12
end_of_record
TN:
SF:src/db.js
FNF:0
FNH:0
DA:1,2
LF:1
LH:1
BRF:0
BRH:0
end_of_record
TN:
SF:src/controllers/admin.controller.js
FN:3,summary
FN:14,(anonymous_1)
FNF:2
FNH:2
FNDA:1,summary
FNDA:6,(anonymous_1)
DA:1,2
DA:4,1
DA:13,1
DA:14,6
DA:16,1
DA:19,2
LF:6
LH:6
BRF:0
BRH:0
end_of_record
TN:
SF:src/controllers/auth.controller.js
FN:6,publicUser
FN:10,register
FN:16,(anonymous_2)
FN:39,login
FN:52,me
FNF:5
FNH:5
FNDA:7,publicUser
FNDA:3,register
FNDA:2,(anonymous_2)
FNDA:7,login
FNDA:2,me
DA:1,2
DA:2,2
DA:3,2
DA:4,2
DA:7,7
DA:11,3
DA:12,3
DA:13,3
DA:15,2
DA:16,2
DA:17,2
DA:22,2
DA:29,2
DA:32,2
DA:40,7
DA:41,7
DA:45,7
DA:46,7
DA:47,7
DA:49,4
DA:53,2
DA:57,2
DA:58,1
DA:60,1
DA:63,2
LF:25
LH:25
BRDA:13,0,0,1
BRDA:13,0,1,2
BRDA:27,1,0,2
BRDA:27,1,1,1
BRDA:46,2,0,7
BRDA:46,2,1,6
BRDA:46,2,2,5
BRDA:47,3,0,3
BRDA:47,3,1,4
BRDA:57,4,0,1
BRDA:57,4,1,1
BRDA:57,5,0,2
BRDA:57,5,1,2
BRF:13
BRH:13
end_of_record
TN:
SF:src/controllers/citas.controller.js
FN:14,roleProfile
FN:26,getAppointments
FN:41,validateSchedule
FN:55,createAppointment
FN:86,updateAppointment
FNF:5
FNH:5
FNDA:25,roleProfile
FNDA:3,getAppointments
FNDA:9,validateSchedule
FNDA:8,createAppointment
FNDA:8,updateAppointment
DA:1,2
DA:2,2
DA:4,2
DA:15,25
DA:16,9
DA:17,9
DA:19,16
DA:20,11
DA:21,11
DA:23,5
DA:27,3
DA:28,3
DA:29,3
DA:30,3
DA:31,1
DA:32,1
DA:33,2
DA:34,1
DA:35,1
DA:37,3
DA:38,3
DA:42,9
DA:43,9
DA:44,1
DA:46,8
DA:47,8
DA:48,8
DA:49,8
DA:50,8
DA:51,2
DA:56,8
DA:57,6
DA:58,6
DA:59,6
DA:61,5
DA:67,5
DA:68,4
DA:70,3
DA:75,3
DA:77,2
DA:82,2
DA:83,2
DA:87,8
DA:88,8
DA:89,7
DA:90,7
DA:92,7
DA:93,1
DA:95,6
DA:96,3
DA:97,1
DA:99,2
DA:100,1
DA:104,4
DA:110,4
DA:111,1
DA:114,3
DA:118,3
DA:119,3
DA:122,2
LF:60
LH:60
BRDA:15,0,0,9
BRDA:15,0,1,16
BRDA:19,1,0,11
BRDA:19,1,1,5
BRDA:30,2,0,1
BRDA:30,2,1,2
BRDA:33,3,0,1
BRDA:33,3,1,1
BRDA:43,4,0,1
BRDA:43,4,1,8
BRDA:50,5,0,2
BRDA:50,5,1,6
BRDA:50,6,0,8
BRDA:50,6,1,7
BRDA:50,6,2,6
BRDA:50,6,3,6
BRDA:50,6,4,6
BRDA:58,7,0,6
BRDA:58,7,1,3
BRDA:59,8,0,1
BRDA:59,8,1,5
BRDA:67,9,0,1
BRDA:67,9,1,4
BRDA:68,10,0,1
BRDA:68,10,1,3
BRDA:75,11,0,1
BRDA:75,11,1,2
BRDA:88,12,0,1
BRDA:88,12,1,7
BRDA:92,13,0,1
BRDA:92,13,1,6
BRDA:92,14,0,7
BRDA:92,14,1,4
BRDA:95,15,0,3
BRDA:95,15,1,3
BRDA:96,16,0,1
BRDA:96,16,1,2
BRDA:99,17,0,1
BRDA:99,17,1,1
BRDA:110,18,0,1
BRDA:110,18,1,3
BRDA:116,19,0,3
BRDA:116,19,1,2
BRF:43
BRH:43
end_of_record
TN:
SF:src/controllers/doctores.controller.js
FN:11,getAllDoctors
FN:16,addNewDoctor
FN:22,(anonymous_2)
FN:40,updateDoctor
FN:57,(anonymous_4)
FN:71,deleteDoctor
FN:84,(anonymous_6)
FNF:7
FNH:7
FNDA:1,getAllDoctors
FNDA:3,addNewDoctor
FNDA:2,(anonymous_2)
FNDA:4,updateDoctor
FNDA:2,(anonymous_4)
FNDA:3,deleteDoctor
FNDA:1,(anonymous_6)
DA:1,2
DA:2,2
DA:3,2
DA:5,2
DA:12,1
DA:13,1
DA:17,3
DA:18,3
DA:19,3
DA:21,2
DA:22,2
DA:23,2
DA:28,2
DA:34,2
DA:36,2
DA:37,2
DA:41,4
DA:42,4
DA:44,3
DA:45,3
DA:54,3
DA:55,3
DA:57,2
DA:58,2
DA:63,2
DA:64,1
DA:67,2
DA:68,2
DA:72,3
DA:73,3
DA:75,2
DA:80,2
DA:81,1
DA:84,1
DA:85,1
DA:86,1
DA:91,1
DA:94,2
LF:38
LH:38
BRDA:19,0,0,1
BRDA:19,0,1,2
BRDA:42,1,0,1
BRDA:42,1,1,3
BRDA:46,2,0,3
BRDA:46,2,1,3
BRDA:47,3,0,3
BRDA:47,3,1,3
BRDA:48,4,0,3
BRDA:48,4,1,2
BRDA:49,5,0,3
BRDA:49,5,1,1
BRDA:50,6,0,3
BRDA:50,6,1,2
BRDA:51,7,0,3
BRDA:51,7,1,3
BRDA:55,8,0,1
BRDA:55,8,1,2
BRDA:63,9,0,1
BRDA:63,9,1,1
BRDA:73,10,0,1
BRDA:73,10,1,2
BRDA:80,11,0,1
BRDA:80,11,1,1
BRF:24
BRH:24
end_of_record
TN:
SF:src/controllers/especialidades.controller.js
FN:4,getAllSpecialties
FN:9,addnewSpecialty
FN:17,updateSpecialty
FN:26,deleteSpecialty
FNF:4
FNH:4
FNDA:1,getAllSpecialties
FNDA:3,addnewSpecialty
FNDA:2,updateSpecialty
FNDA:3,deleteSpecialty
DA:1,2
DA:2,2
DA:5,1
DA:6,1
DA:10,3
DA:14,2
DA:18,2
DA:22,2
DA:23,1
DA:27,3
DA:28,3
DA:29,2
DA:33,2
DA:34,1
DA:37,2
LF:15
LH:15
BRDA:12,0,0,3
BRDA:12,0,1,2
BRDA:20,1,0,2
BRDA:20,1,1,2
BRDA:22,2,0,1
BRDA:22,2,1,1
BRDA:28,3,0,1
BRDA:28,3,1,2
BRDA:33,4,0,1
BRDA:33,4,1,1
BRF:10
BRH:10
end_of_record
TN:
SF:src/controllers/medicamentos.controller.js
FN:4,getAllMedicamentos
FN:14,addNewMedicamento
FN:23,updateMedicamento
FN:38,deleteMedicamento
FNF:4
FNH:4
FNDA:2,getAllMedicamentos
FNDA:2,addNewMedicamento
FNDA:3,updateMedicamento
FNDA:2,deleteMedicamento
DA:1,2
DA:2,2
DA:5,2
DA:6,2
DA:11,2
DA:15,2
DA:20,2
DA:24,3
DA:25,3
DA:26,2
DA:35,2
DA:39,2
DA:43,2
DA:44,1
DA:47,2
LF:15
LH:15
BRDA:5,0,0,2
BRDA:5,0,1,1
BRDA:18,1,0,2
BRDA:18,1,1,1
BRDA:25,2,0,1
BRDA:25,2,1,2
BRDA:30,3,0,2
BRDA:30,3,1,1
BRDA:31,4,0,1
BRDA:31,4,1,1
BRDA:43,5,0,1
BRDA:43,5,1,1
BRF:12
BRH:12
end_of_record
TN:
SF:src/controllers/pacientes.controller.js
FN:9,getAllPatients
FN:27,updatePatient
FN:56,deletePatient
FNF:3
FNH:3
FNDA:4,getAllPatients
FNDA:3,updatePatient
FNDA:3,deletePatient
DA:1,2
DA:2,2
DA:4,2
DA:11,4
DA:12,1
DA:13,3
DA:14,2
DA:22,1
DA:24,4
DA:28,3
DA:29,3
DA:30,2
DA:31,2
DA:32,1
DA:35,1
DA:53,1
DA:57,3
DA:62,3
DA:63,2
DA:64,2
DA:65,1
DA:66,1
DA:69,2
LF:23
LH:23
BRDA:11,0,0,1
BRDA:11,0,1,3
BRDA:13,1,0,2
BRDA:13,1,1,1
BRDA:29,2,0,1
BRDA:29,2,1,2
BRDA:31,3,0,1
BRDA:31,3,1,1
BRDA:31,4,0,2
BRDA:31,4,1,2
BRDA:62,5,0,1
BRDA:62,5,1,2
BRDA:64,6,0,1
BRDA:64,6,1,1
BRF:14
BRH:14
end_of_record
TN:
SF:src/controllers/recetas.controller.js
FN:5,getPrescriptions
FN:27,(anonymous_1)
FN:28,(anonymous_2)
FN:42,(anonymous_3)
FN:48,createPrescription
FN:63,(anonymous_5)
FN:64,(anonymous_6)
FN:73,(anonymous_7)
FNF:8
FNH:8
FNDA:4,getPrescriptions
FNDA:3,(anonymous_1)
FNDA:3,(anonymous_2)
FNDA:3,(anonymous_3)
FNDA:5,createPrescription
FNDA:2,(anonymous_5)
FNDA:2,(anonymous_6)
FNDA:1,(anonymous_7)
DA:1,2
DA:2,2
DA:3,2
DA:6,4
DA:7,4
DA:8,4
DA:9,4
DA:10,2
DA:11,2
DA:12,2
DA:13,1
DA:14,1
DA:16,4
DA:26,4
DA:27,3
DA:28,3
DA:29,3
DA:36,3
DA:37,3
DA:38,3
DA:39,3
DA:40,3
DA:42,3
DA:49,5
DA:50,5
DA:54,5
DA:55,4
DA:56,4
DA:57,1
DA:59,3
DA:60,1
DA:63,2
DA:64,2
DA:65,2
DA:69,2
DA:70,1
DA:73,1
DA:74,1
DA:80,1
DA:81,1
DA:88,1
DA:90,1
DA:93,2
LF:43
LH:43
BRDA:9,0,0,2
BRDA:9,0,1,2
BRDA:12,1,0,1
BRDA:12,1,1,1
BRDA:26,2,0,1
BRDA:26,2,1,3
BRDA:38,3,0,3
BRDA:38,3,1,3
BRDA:54,4,0,1
BRDA:54,4,1,4
BRDA:56,5,0,1
BRDA:56,5,1,3
BRDA:59,6,0,1
BRDA:59,6,1,2
BRDA:69,7,0,1
BRDA:69,7,1,1
BRF:16
BRH:16
end_of_record
TN:
SF:src/middleware/async-handler.js
FN:1,asyncHandler
FN:2,(anonymous_1)
FNF:2
FNH:2
FNDA:52,asyncHandler
FNDA:84,(anonymous_1)
DA:1,2
DA:2,84
LF:2
LH:2
BRF:0
BRH:0
end_of_record
TN:
SF:src/middleware/auth.js
FN:3,jwtSecret
FN:11,authenticate
FN:27,authorize
FN:28,(anonymous_3)
FN:36,signToken
FNF:5
FNH:5
FNDA:88,jwtSecret
FNDA:82,authenticate
FNDA:31,authorize
FNDA:57,(anonymous_3)
FNDA:6,signToken
DA:1,2
DA:4,88
DA:5,88
DA:6,1
DA:8,87
DA:12,82
DA:13,82
DA:15,82
DA:16,2
DA:19,80
DA:20,80
DA:21,79
DA:23,1
DA:28,31
DA:29,57
DA:30,5
DA:32,52
DA:37,6
DA:44,2
LF:19
LH:19
BRDA:5,0,0,1
BRDA:5,0,1,87
BRDA:5,1,0,88
BRDA:5,1,1,1
BRDA:5,1,2,1
BRDA:8,2,0,87
BRDA:8,2,1,1
BRDA:12,3,0,82
BRDA:12,3,1,1
BRDA:15,4,0,2
BRDA:15,4,1,80
BRDA:15,5,0,82
BRDA:15,5,1,80
BRDA:29,6,0,5
BRDA:29,6,1,52
BRDA:40,7,0,6
BRDA:40,7,1,6
BRF:17
BRH:17
end_of_record
TN:
SF:src/middleware/error-handler.js
FN:1,notFound
FN:5,errorHandler
FNF:2
FNH:2
FNDA:1,notFound
FNDA:42,errorHandler
DA:2,1
DA:6,42
DA:8,41
DA:9,37
DA:12,4
DA:13,2
DA:16,2
DA:17,1
DA:20,1
DA:23,2
LF:10
LH:10
BRDA:6,0,0,1
BRDA:6,0,1,41
BRDA:8,1,0,37
BRDA:8,1,1,4
BRDA:12,2,0,2
BRDA:12,2,1,2
BRDA:16,3,0,1
BRDA:16,3,1,1
BRF:8
BRH:8
end_of_record
TN:
SF:src/middleware/validate.js
FN:1,validate
FN:2,(anonymous_1)
FN:11,(anonymous_2)
FNF:3
FNH:3
FNDA:34,validate
FNDA:69,(anonymous_1)
FNDA:14,(anonymous_2)
DA:1,2
DA:2,34
DA:3,69
DA:5,69
DA:6,207
DA:7,90
DA:8,90
DA:9,85
DA:11,14
DA:18,69
DA:19,5
DA:21,64
LF:12
LH:12
BRDA:6,0,0,117
BRDA:6,0,1,90
BRDA:8,1,0,85
BRDA:8,1,1,5
BRDA:18,2,0,5
BRDA:18,2,1,64
BRF:6
BRH:6
end_of_record
TN:
SF:src/routes/admin.routes.js
FNF:0
FNH:0
DA:1,2
DA:2,2
DA:3,2
DA:5,2
DA:6,2
DA:8,2
LF:6
LH:6
BRF:0
BRH:0
end_of_record
TN:
SF:src/routes/auth.routes.js
FNF:0
FNH:0
DA:1,2
DA:2,2
DA:3,2
DA:4,2
DA:5,2
DA:6,2
DA:7,2
DA:9,2
DA:10,2
DA:18,2
DA:19,2
DA:20,2
DA:22,2
LF:13
LH:13
BRF:0
BRH:0
end_of_record
TN:
SF:src/routes/citas.routes.js
FNF:0
FNH:0
DA:1,2
DA:2,2
DA:3,2
DA:4,2
DA:5,2
DA:6,2
DA:8,2
DA:9,2
DA:10,2
DA:11,2
DA:13,2
LF:11
LH:11
BRF:0
BRH:0
end_of_record
TN:
SF:src/routes/doctores.routes.js
FNF:0
FNH:0
DA:1,2
DA:2,2
DA:3,2
DA:4,2
DA:5,2
DA:6,2
DA:8,2
DA:9,2
DA:10,2
DA:11,2
DA:12,2
DA:14,2
LF:12
LH:12
BRF:0
BRH:0
end_of_record
TN:
SF:src/routes/especialidades.routes.js
FNF:0
FNH:0
DA:1,2
DA:2,2
DA:3,2
DA:4,2
DA:5,2
DA:6,2
DA:8,2
DA:9,2
DA:10,2
DA:11,2
DA:12,2
DA:14,2
LF:12
LH:12
BRF:0
BRH:0
end_of_record
TN:
SF:src/routes/medicamentos.routes.js
FNF:0
FNH:0
DA:1,2
DA:2,2
DA:3,2
DA:4,2
DA:5,2
DA:6,2
DA:8,2
DA:9,2
DA:10,2
DA:11,2
DA:12,2
DA:14,2
LF:12
LH:12
BRF:0
BRH:0
end_of_record
TN:
SF:src/routes/pacientes.routes.js
FNF:0
FNH:0
DA:1,2
DA:2,2
DA:3,2
DA:4,2
DA:5,2
DA:6,2
DA:8,2
DA:9,2
DA:10,2
DA:11,2
DA:13,2
LF:11
LH:11
BRF:0
BRH:0
end_of_record
TN:
SF:src/routes/recetas.routes.js
FNF:0
FNH:0
DA:1,2
DA:2,2
DA:3,2
DA:4,2
DA:5,2
DA:6,2
DA:8,2
DA:9,2
DA:10,2
DA:12,2
LF:10
LH:10
BRF:0
BRH:0
end_of_record
TN:
SF:src/utils/http-error.js
FN:2,(anonymous_0)
FNF:1
FNH:1
FNDA:37,(anonymous_0)
DA:3,37
DA:4,37
DA:5,37
DA:9,2
LF:4
LH:4
BRF:0
BRH:0
end_of_record
TN:
SF:src/validation/schemas.js
FN:41,(anonymous_0)
FN:56,(anonymous_1)
FN:67,(anonymous_2)
FN:91,(anonymous_3)
FN:92,(anonymous_4)
FNF:5
FNH:5
FNDA:4,(anonymous_0)
FNDA:4,(anonymous_1)
FNDA:3,(anonymous_2)
FNDA:6,(anonymous_3)
FNDA:7,(anonymous_4)
DA:1,2
DA:3,2
DA:5,2
DA:6,2
DA:7,2
DA:12,2
DA:13,2
DA:14,2
DA:18,2
DA:28,2
DA:30,2
DA:40,2
DA:41,4
DA:43,2
DA:49,2
DA:55,2
DA:56,4
DA:60,2
DA:67,3
DA:69,2
DA:76,2
DA:81,2
DA:92,7
DA:93,6
DA:94,1
DA:98,2
LF:26
LH:26
BRDA:93,0,0,1
BRDA:93,0,1,5
BRF:2
BRH:2
end_of_record
