TN:
SF:src\app.js
FN:19,(anonymous_0)
FN:56,(anonymous_1)
FN:59,(anonymous_2)
FN:71,(anonymous_3)
FN:81,(anonymous_4)
FNF:5
FNH:3
FNDA:69,(anonymous_0)
FNDA:0,(anonymous_1)
FNDA:0,(anonymous_2)
FNDA:1,(anonymous_3)
FNDA:6,(anonymous_4)
DA:1,5
DA:2,5
DA:3,5
DA:4,5
DA:5,5
DA:6,5
DA:7,5
DA:9,5
DA:10,5
DA:13,5
DA:19,5
DA:20,69
DA:22,69
DA:23,69
DA:24,3
DA:27,69
DA:28,69
DA:29,69
DA:31,69
DA:32,1
DA:35,68
DA:38,0
DA:44,5
DA:47,5
DA:50,5
DA:51,5
DA:52,5
DA:53,5
DA:56,5
DA:57,0
DA:59,0
DA:60,0
DA:61,0
DA:66,0
DA:71,5
DA:72,1
DA:73,1
DA:74,1
DA:76,0
DA:81,5
DA:82,6
DA:86,5
LF:42
LH:35
BRDA:22,0,0,69
BRDA:22,0,1,0
BRDA:22,1,0,69
BRDA:22,1,1,3
BRDA:23,2,0,3
BRDA:23,2,1,66
BRDA:31,3,0,1
BRDA:31,3,1,68
BRDA:60,4,0,0
BRDA:60,4,1,0
BRF:10
BRH:7
end_of_record
TN:
SF:src\db.js
FNF:0
FNH:0
DA:1,5
DA:2,5
DA:4,5
DA:6,5
DA:14,5
LF:5
LH:5
BRDA:7,0,0,5
BRDA:7,0,1,0
BRDA:8,1,0,5
BRDA:8,1,1,0
BRF:4
BRH:2
end_of_record
TN:
SF:src\server-app.js
FN:13,(anonymous_0)
FN:26,(anonymous_1)
FN:31,(anonymous_2)
FN:34,(anonymous_3)
FN:51,(anonymous_4)
FN:53,(anonymous_5)
FN:67,(anonymous_6)
FN:76,(anonymous_7)
FNF:8
FNH:0
FNDA:0,(anonymous_0)
FNDA:0,(anonymous_1)
FNDA:0,(anonymous_2)
FNDA:0,(anonymous_3)
FNDA:0,(anonymous_4)
FNDA:0,(anonymous_5)
FNDA:0,(anonymous_6)
FNDA:0,(anonymous_7)
DA:1,0
DA:2,0
DA:3,0
DA:4,0
DA:5,0
DA:6,0
DA:7,0
DA:9,0
DA:10,0
DA:13,0
DA:14,0
DA:15,0
DA:16,0
DA:17,0
DA:18,0
DA:19,0
DA:23,0
DA:26,0
DA:27,0
DA:31,0
DA:32,0
DA:34,0
DA:35,0
DA:38,0
DA:44,0
DA:46,0
DA:47,0
DA:48,0
DA:49,0
DA:51,0
DA:52,0
DA:53,0
DA:54,0
DA:55,0
DA:63,0
DA:67,0
DA:68,0
DA:69,0
DA:70,0
DA:72,0
DA:76,0
DA:77,0
DA:80,0
LF:43
LH:0
BRDA:14,0,0,0
BRDA:14,0,1,0
BRDA:18,1,0,0
BRDA:18,1,1,0
BRDA:54,2,0,0
BRDA:54,2,1,0
BRF:6
BRH:0
end_of_record
TN:
SF:src\controllers\doctores.controller.js
FN:15,resolveSpecialtyId
FN:47,getAllDoctors
FN:59,addNewDoctor
FN:103,updateDoctor
FN:166,deleteDoctor
FNF:5
FNH:5
FNDA:6,resolveSpecialtyId
FNDA:3,getAllDoctors
FNDA:7,addNewDoctor
FNDA:4,updateDoctor
FNDA:2,deleteDoctor
DA:13,5
DA:16,6
DA:18,1
DA:20,1
DA:25,1
DA:27,1
DA:28,1
DA:33,1
DA:35,0
DA:36,0
DA:40,0
DA:42,0
DA:48,3
DA:49,3
DA:52,3
DA:54,0
DA:60,7
DA:63,7
DA:64,1
DA:69,6
DA:70,6
DA:71,6
DA:72,0
DA:75,6
DA:80,6
DA:81,1
DA:86,5
DA:91,5
DA:96,5
DA:98,0
DA:104,4
DA:105,4
DA:107,4
DA:108,4
DA:113,4
DA:114,1
DA:117,3
DA:118,3
DA:119,3
DA:120,3
DA:124,3
DA:125,0
DA:128,3
DA:129,1
DA:134,1
DA:135,1
DA:141,2
DA:154,2
DA:159,2
DA:161,0
DA:167,2
DA:169,2
DA:170,2
DA:175,2
DA:176,1
DA:179,1
DA:184,1
DA:185,0
DA:188,1
DA:190,0
DA:194,5
LF:61
LH:50
BRDA:16,0,0,5
BRDA:16,0,1,1
BRDA:18,1,0,0
BRDA:18,1,1,1
BRDA:25,2,0,0
BRDA:25,2,1,1
BRDA:35,3,0,0
BRDA:35,3,1,0
BRDA:40,4,0,0
BRDA:40,4,1,0
BRDA:63,5,0,1
BRDA:63,5,1,6
BRDA:63,6,0,7
BRDA:63,6,1,7
BRDA:63,6,2,7
BRDA:63,6,3,2
BRDA:63,6,4,6
BRDA:63,6,5,6
BRDA:63,6,6,6
BRDA:71,7,0,0
BRDA:71,7,1,6
BRDA:80,8,0,1
BRDA:80,8,1,5
BRDA:113,9,0,1
BRDA:113,9,1,3
BRDA:118,10,0,3
BRDA:118,10,1,1
BRDA:119,11,0,3
BRDA:119,11,1,3
BRDA:120,12,0,0
BRDA:120,12,1,3
BRDA:124,13,0,0
BRDA:124,13,1,3
BRDA:124,14,0,3
BRDA:124,14,1,0
BRDA:128,15,0,1
BRDA:128,15,1,2
BRDA:128,16,0,3
BRDA:128,16,1,2
BRDA:134,17,0,1
BRDA:134,17,1,0
BRDA:144,18,0,2
BRDA:144,18,1,1
BRDA:145,19,0,2
BRDA:145,19,1,2
BRDA:147,20,0,2
BRDA:147,20,1,1
BRDA:148,21,0,2
BRDA:148,21,1,2
BRDA:175,22,0,1
BRDA:175,22,1,1
BRDA:184,23,0,0
BRDA:184,23,1,1
BRF:53
BRH:41
end_of_record
TN:
SF:src\controllers\especialidades.controller.js
FN:6,getAllSpecialties
FN:18,addnewSpecialty
FN:48,updateSpecialty
FN:87,deleteSpecialty
FNF:4
FNH:4
FNDA:3,getAllSpecialties
FNDA:8,addnewSpecialty
FNDA:2,updateSpecialty
FNDA:2,deleteSpecialty
DA:3,5
DA:7,3
DA:8,3
DA:11,3
DA:13,0
DA:19,8
DA:22,8
DA:23,1
DA:26,7
DA:27,7
DA:32,7
DA:33,1
DA:36,6
DA:41,6
DA:43,0
DA:49,2
DA:50,2
DA:52,2
DA:53,0
DA:56,2
DA:57,2
DA:62,2
DA:63,1
DA:66,1
DA:71,1
DA:72,0
DA:75,1
DA:80,1
DA:82,0
DA:88,2
DA:90,2
DA:91,2
DA:96,2
DA:97,1
DA:100,1
DA:102,0
DA:106,5
LF:37
LH:31
BRDA:22,0,0,1
BRDA:22,0,1,7
BRDA:32,1,0,1
BRDA:32,1,1,6
BRDA:52,2,0,0
BRDA:52,2,1,2
BRDA:62,3,0,1
BRDA:62,3,1,1
BRDA:71,4,0,0
BRDA:71,4,1,1
BRDA:96,5,0,1
BRDA:96,5,1,1
BRF:12
BRH:10
end_of_record
TN:
SF:src\controllers\medicamentos.controller.js
FN:4,getAllMedicamentos
FN:23,addNewMedicamento
FN:46,updateMedicamento
FN:75,deleteMedicamento
FNF:4
FNH:4
FNDA:4,getAllMedicamentos
FNDA:6,addNewMedicamento
FNDA:3,updateMedicamento
FNDA:2,deleteMedicamento
DA:1,5
DA:5,4
DA:6,4
DA:8,4
DA:13,4
DA:15,0
DA:24,6
DA:26,6
DA:27,1
DA:30,5
DA:31,5
DA:36,5
DA:38,0
DA:47,3
DA:48,3
DA:50,3
DA:51,3
DA:61,3
DA:62,1
DA:65,2
DA:67,0
DA:76,2
DA:78,2
DA:79,2
DA:84,2
DA:85,1
DA:88,1
DA:90,0
DA:97,5
LF:29
LH:25
BRDA:6,0,0,4
BRDA:6,0,1,4
BRDA:26,1,0,1
BRDA:26,1,1,5
BRDA:33,2,0,5
BRDA:33,2,1,0
BRDA:61,3,0,1
BRDA:61,3,1,2
BRDA:84,4,0,1
BRDA:84,4,1,1
BRF:10
BRH:9
end_of_record
TN:
SF:src\controllers\pacientes.controller.js
FN:5,getAllPatients
FN:17,addnewPatient
FN:38,updatePatient
FN:72,deletePatient
FNF:4
FNH:4
FNDA:3,getAllPatients
FNDA:6,addnewPatient
FNDA:3,updatePatient
FNDA:2,deletePatient
DA:2,5
DA:6,3
DA:7,3
DA:10,3
DA:12,0
DA:18,6
DA:21,6
DA:22,1
DA:25,5
DA:26,5
DA:31,5
DA:33,0
DA:39,3
DA:40,3
DA:42,3
DA:43,3
DA:48,3
DA:49,1
DA:52,2
DA:53,2
DA:65,2
DA:67,0
DA:73,2
DA:75,2
DA:76,2
DA:81,2
DA:82,1
DA:85,1
DA:87,0
DA:91,5
LF:30
LH:26
BRDA:21,0,0,1
BRDA:21,0,1,5
BRDA:21,1,0,6
BRDA:21,1,1,6
BRDA:21,1,2,5
BRDA:21,1,3,5
BRDA:21,1,4,5
BRDA:48,2,0,1
BRDA:48,2,1,2
BRDA:56,3,0,2
BRDA:56,3,1,1
BRDA:57,4,0,2
BRDA:57,4,1,1
BRDA:58,5,0,2
BRDA:58,5,1,1
BRDA:59,6,0,2
BRDA:59,6,1,2
BRDA:60,7,0,2
BRDA:60,7,1,1
BRDA:81,8,0,1
BRDA:81,8,1,1
BRF:21
BRH:21
end_of_record
TN:
SF:src\routes\doctores.routes.js
FNF:0
FNH:0
DA:1,5
DA:2,5
DA:4,5
DA:8,5
DA:11,5
DA:14,5
DA:17,5
DA:19,5
LF:8
LH:8
BRF:0
BRH:0
end_of_record
TN:
SF:src\routes\especialidades.routes.js
FNF:0
FNH:0
DA:1,5
DA:2,5
DA:4,5
DA:7,5
DA:10,5
DA:13,5
DA:16,5
DA:19,5
LF:8
LH:8
BRF:0
BRH:0
end_of_record
TN:
SF:src\routes\medicamentos.routes.js
FNF:0
FNH:0
DA:1,5
DA:2,5
DA:4,5
DA:7,5
DA:10,5
DA:13,5
DA:16,5
DA:18,5
LF:8
LH:8
BRF:0
BRH:0
end_of_record
TN:
SF:src\routes\pacientes.routes.js
FNF:0
FNH:0
DA:1,5
DA:2,5
DA:4,5
DA:7,5
DA:10,5
DA:13,5
DA:16,5
DA:18,5
LF:8
LH:8
BRF:0
BRH:0
end_of_record
